PRT1
405
1011
4 0 86 (896.036133 1024 248 ) (768 1024 248 ) (768 1024 136 ) (896.036133 1024 136 ) 
4 0 1 (896.036133 1024 136 ) (832 1024 136 ) (832 1144 136 ) (896.036133 1144 136 ) 
4 1 87 (896.036133 1024 136 ) (832 1024 136 ) (832 1024 128 ) (896.036133 1024 128 ) 
4 1 2 (896.036133 1024 128 ) (832 1024 128 ) (832 1144 128 ) (896.036133 1144 128 ) 
4 2 90 (896 1024 1 ) (896 1024 128 ) (767.963989 1024 128 ) (767.963989 1024 1 ) 
4 3 7 (-1840 2672 128 ) (-1808 2672 128 ) (-1808 2608 128 ) (-1840 2608 128 ) 
4 3 4 (-1840 2672 192 ) (-1840 2672 128 ) (-1840 2608 128 ) (-1840 2608 192 ) 
4 4 8 (-1968 2672 128 ) (-1840 2672 128 ) (-1840 2608 128 ) (-1968 2608 128 ) 
4 4 5 (-1968 2672 192 ) (-1968 2672 128 ) (-1968 2608 128 ) (-1968 2608 192 ) 
4 5 9 (-2000 2672 128 ) (-1968 2672 128 ) (-1968 2608 128 ) (-2000 2608 128 ) 
4 6 14 (-2048 2048 768 ) (-2048 2048 128 ) (-1648 2048 128 ) (-1648 2048 768 ) 
4 6 13 (-2048 2416 128 ) (-2048 2048 128 ) (-2048 2048 768 ) (-2048 2416 768 ) 
4 6 11 (-1648 2048 128 ) (-2048 2048 128 ) (-2048 2416 128 ) (-1648 2416 128 ) 
4 7 8 (-1840 2672 0 ) (-1840 2608 0 ) (-1840 2608 128 ) (-1840 2672 128 ) 
4 8 10 (-1840 2608 128 ) (-1968 2608 128 ) (-1968 2608 0 ) (-1840 2608 0 ) 
4 8 9 (-1968 2672 0 ) (-1968 2608 0 ) (-1968 2608 128 ) (-1968 2672 128 ) 
4 10 11 (-1968 2416 -128 ) (-1840 2416 -128 ) (-1840 2416 128 ) (-1968 2416 128 ) 
4 11 14 (-1648 2048 128 ) (-2048 2048 128 ) (-2048 2048 -128 ) (-1648 2048 -128 ) 
4 11 13 (-2048 2048 -128 ) (-2048 2048 128 ) (-2048 2416 128 ) (-2048 2416 -128 ) 
4 11 12 (-1648 2048 -128 ) (-2048 2048 -128 ) (-2048 2416 -128 ) (-1648 2416 -128 ) 
4 12 14 (-1648 2048 -896 ) (-1648 2048 -128 ) (-2048 2048 -128 ) (-2048 2048 -896 ) 
4 12 13 (-2048 2048 -896 ) (-2048 2048 -128 ) (-2048 2416 -128 ) (-2048 2416 -896 ) 
4 13 15 (-2048 2048 -896 ) (-2048 2048 768 ) (-2160 2048 768 ) (-2160 2048 -896 ) 
4 14 15 (-2048 2048 768 ) (-2048 2048 -896 ) (-2048 1840 -896 ) (-2048 1840 768 ) 
3 23 79 (1148 260.002289 636 ) (1152 256.002106 640 ) (1156 252.001923 636 ) 
3 23 37 (1152 132 640 ) (1148 132 636 ) (1156 132 636 ) 
3 23 29 (1152 256 640 ) (1148 260 636 ) (1148 252 636 ) 
4 23 24 (1156 132 636 ) (1147.998047 132 636 ) (1147.998047 260.001953 636 ) (1156 252 636 ) 
6 24 84 (1276.001953 132 260 ) (1276 132.001892 260 ) (1028 380.002167 508 ) (1028 380.002167 516 ) (1148 260.002289 636 ) (1276.001953 132 636 ) 
3 24 54 (1276 132.001892 260 ) (1156 252.002045 260 ) (1216 192.001984 320 ) 
3 24 53 (1148 260.002075 260 ) (1028.002197 380 260 ) (1088.001099 320.001068 319.998962 ) 
4 24 46 (1028.002197 380 260 ) (1028 380.002136 260 ) (1028 380.002136 380 ) (1088.001099 320.001068 319.998962 ) 
5 24 43 (1156 252.002045 260 ) (1148 260.002075 260 ) (1028 380.002136 380 ) (1028 380.002167 508 ) (1216 192.001984 320 ) 
4 24 40 (1148 260 260 ) (1148 252 260 ) (1028 252 260 ) (1028 260 260 ) 
4 24 39 (1148 260.003937 260 ) (1156 252.003937 260 ) (1156 132 260 ) (1148 132 260 ) 
4 24 38 (1156 132 636 ) (1148 132 636 ) (1148 132 516 ) (1156 132 516 ) 
4 24 36 (1148 132 260 ) (1156 132 260 ) (1156 132 380 ) (1148 132 380 ) 
4 24 35 (1276 132 380 ) (1276 132 388 ) (1028 132 388 ) (1028 132 380 ) 
4 24 34 (1156 132 508 ) (1148 132 508 ) (1148 132 388 ) (1156 132 388 ) 
4 24 33 (1276 132 508 ) (1276 132 516 ) (1028 132 516 ) (1028 132 508 ) 
4 24 31 (1028 132 516 ) (1148 132 636 ) (1148 260 636 ) (1028 380.001923 516 ) 
4 24 28 (1028 260 260 ) (1028 252 260 ) (1028 252 380 ) (1028 260 380 ) 
4 24 27 (1028 132 508 ) (1028 132 516 ) (1028 252 516 ) (1028 252 508 ) 
4 24 26 (1028 132 380 ) (1028 132 388 ) (1028 252 388 ) (1028 252 380 ) 
4 24 25 (1028 252 516 ) (1028 380 516 ) (1028 380 380 ) (1028 252 380 ) 
4 25 89 (1024 384 512 ) (1024 384 384 ) (1024 256 384 ) (1024 256 512 ) 
3 25 84 (1024 384.002167 512 ) (1028 380.002167 516 ) (1028 380.002167 508 ) 
4 25 44 (1024 384.002136 384 ) (1024 384.002167 512 ) (1028 380.002167 508 ) (1028 380.002136 380 ) 
3 25 32 (1028 252 516 ) (1028 260 516 ) (1024 256 512 ) 
3 25 28 (1028 260 380 ) (1028 252 380 ) (1024 256 384 ) 
3 25 27 (1028 251.996109 508 ) (1028 251.996109 516 ) (1024 255.996109 512 ) 
3 25 26 (1024 255.996094 384 ) (1028 251.996094 380 ) (1028 251.996094 388 ) 
3 26 35 (1028 132 380 ) (1028 132 388 ) (1024 132 384 ) 
3 27 33 (1028 132 508 ) (1028 132 516 ) (1024 132 512 ) 
3 28 40 (1024 256 260 ) (1028 260 260 ) (1028 252 260 ) 
5 29 31 (1147.996094 260 636 ) (1148 259.996094 636 ) (1148 252 636 ) (1028 252 636 ) (1028 260 636 ) 
3 29 30 (1028 256 640 ) (1028 260 636 ) (1028 252 636 ) 
3 30 32 (1024 256 636 ) (1028 260 636 ) (1028 252 636 ) 
3 31 84 (1028 380.002197 636 ) (1148 260.002289 636 ) (1028 380.002167 516 ) 
4 31 32 (1028 260 516 ) (1028 252 516 ) (1028 252 636 ) (1028 260 636 ) 
3 33 74 (1276.001953 132 508 ) (1276.001953 132 516 ) (1280.001953 128 512 ) 
3 33 38 (1156 132 516 ) (1148 132 516 ) (1152 128 512 ) 
3 33 34 (1148 132 508 ) (1156 132 508 ) (1152 128 512 ) 
3 34 35 (1152 128 384 ) (1148 132 388 ) (1156 132 388 ) 
3 35 69 (1276.001953 132 380 ) (1276.001953 132 388 ) (1280.001953 128 384 ) 
3 35 36 (1148 132 380 ) (1156 132 380 ) (1152 128 384 ) 
3 36 39 (1148 132 260 ) (1156 132 260 ) (1152 128 260 ) 
3 37 38 (1148 132 636 ) (1156 132 636 ) (1152 128 636 ) 
3 39 43 (1148 260.002106 260 ) (1156 252.002106 260 ) (1152 256.002106 256 ) 
3 39 40 (1148 252 260 ) (1148 260 260 ) (1151.998047 255.998062 256.001953 ) 
3 41 58 (1148 636 388 ) (1156 636 380 ) (1152 640 384 ) 
3 41 45 (1024.001953 636 384.001953 ) (1028 636 380.003876 ) (1028 636 388 ) 
5 41 43 (1028 636 380.003876 ) (1028.003906 636 380 ) (1156 636 380 ) (1148 636 388 ) (1028 636 388 ) 
3 41 42 (1152 640 384 ) (1156 636 380 ) (1148 636 380 ) 
5 42 43 (1148 636 260.003906 ) (1152.007813 636 255.996094 ) (1156 636 259.988068 ) (1156 636 380 ) (1148 636 380 ) 
4 43 84 (1028 380 508 ) (1216 192 320 ) (1216 576 320 ) (1028 388 508 ) 
4 43 63 (1216 576 320 ) (1216 636 320 ) (1028 636 508 ) (1028 388 508 ) 
4 43 57 (1156 251.996078 260 ) (1152 255.996078 256 ) (1152 256 256 ) (1156 260 260 ) 
3 43 56 (1152 512 256 ) (1156 516 260 ) (1156 508 260 ) 
3 43 55 (1152 384 256 ) (1156 388 260 ) (1156 380 260 ) 
4 43 54 (1216 636 320 ) (1216 191.996094 320 ) (1156 251.996078 260 ) (1156 636 260 ) 
3 43 53 (1148 260 260 ) (1088 320 320 ) (1148 380 260 ) 
3 43 52 (1028 516 380 ) (1028 636 380 ) (1148 636 260 ) 
3 43 51 (1148 516 260 ) (1088 576 320 ) (1148 636 260 ) 
3 43 48 (1152 512 256 ) (1148 508 260 ) (1148 516 260 ) 
3 43 47 (1152 384 256 ) (1148 380 260 ) (1148 388 260 ) 
6 43 46 (1148 380 260 ) (1088 320 320 ) (1028 380 380 ) (1028 516 380 ) (1088 576 320 ) (1148 516 260 ) 
4 43 45 (1028 636 388 ) (1028 636 380 ) (1028 516 380 ) (1028 516 388 ) 
4 43 44 (1028 516 380 ) (1028 380 380 ) (1028 380 507.996094 ) (1028 516 507.996094 ) 
4 44 89 (1024 512 384 ) (1024 384 384 ) (1024 384 512 ) (1024 512 512 ) 
3 44 84 (1024 384 512 ) (1028 380 508 ) (1028 388 508 ) 
4 44 63 (1024 384 512 ) (1028 388 508 ) (1028 516 508 ) (1024 512 512 ) 
3 44 50 (1028 380 380 ) (1024 384 384 ) (1028 388 380 ) 
3 44 49 (1024 512 384 ) (1028 516 380 ) (1028 508 380 ) 
3 44 45 (1028 516 388 ) (1028 516 380 ) (1024 512 384 ) 
3 46 53 (1148 380 260 ) (1088 320 320 ) (1028.001465 380 260 ) 
3 46 52 (1028 516 380 ) (1088 576 320 ) (1028 516 260 ) 
3 46 51 (1028 516 260 ) (1088 576 320 ) (1148 516 260 ) 
4 46 50 (1028 388 260 ) (1028 380 260 ) (1028 380 380.001831 ) (1028 388 380.001953 ) 
5 46 49 (1028 516 380.003906 ) (1028 516 260.003906 ) (1028 515.996094 260 ) (1028 508 260 ) (1028 508 380.003784 ) 
4 46 48 (1028 508 260 ) (1028 516 260 ) (1148 516 260 ) (1148 508 260 ) 
4 46 47 (1147.996094 380 260 ) (1028 380 260 ) (1028 388 260 ) (1147.996338 388 260 ) 
3 47 50 (1028 384 256 ) (1028 380 260 ) (1028 388 260 ) 
3 48 49 (1028 515.996094 260 ) (1028 511.998047 256.001953 ) (1028 508 260 ) 
3 51 52 (1148 636 260 ) (1028 516 260 ) (1088 576 320 ) 
4 54 84 (1216 192 320 ) (1276 132 260 ) (1276 636 260 ) (1216 576 320 ) 
3 54 63 (1276 636 260 ) (1216 636 320 ) (1216 576 320 ) 
4 54 57 (1156 252 260 ) (1156 260 260 ) (1275.998047 260 260 ) (1275.998047 252 260 ) 
4 54 56 (1156 508 260 ) (1156 516 260 ) (1275.998047 516 260 ) (1275.998047 508 260 ) 
4 54 55 (1156 380 260 ) (1156 388 260 ) (1275.998047 388 260 ) (1275.998047 380 260 ) 
3 55 73 (1276 388 260 ) (1276 380 260 ) (1280 384 256 ) 
3 56 71 (1276 516 260 ) (1276 508 260 ) (1280 512 256 ) 
3 57 68 (1276 260 260 ) (1276 252 260 ) (1280 256 256 ) 
3 58 62 (1152 636 640 ) (1148 636 636 ) (1156 636 636 ) 
4 58 63 (1148 636 636 ) (1148 636 387.998047 ) (1156 636 379.998047 ) (1156 636 636 ) 
3 58 60 (1156 636 516 ) (1156 636 508 ) (1152 640 512 ) 
3 58 61 (1156 636 388 ) (1156 636 380 ) (1152 640 384 ) 
3 58 59 (1152 640 512 ) (1148 636 508 ) (1148 636 516 ) 
5 59 63 (1028 636 516 ) (1024 636 512 ) (1028 636 508 ) (1148 636 508 ) (1148 636 516 ) 
3 60 74 (1276 636 516 ) (1276 636 508 ) (1280 640 512 ) 
4 60 63 (1275.996094 636 508 ) (1275.996094 636 516 ) (1156 636 516 ) (1156 636 508 ) 
3 61 70 (1276 636 388 ) (1276 636 380 ) (1280 640 384 ) 
4 61 63 (1275.996094 636 380 ) (1275.996094 636 388 ) (1156 636 388 ) (1156 636 380 ) 
3 62 82 (1152 512 640 ) (1148 508 636 ) (1156 516 636 ) 
3 62 64 (1148 508.003906 636 ) (1151.998047 512.001953 639.998047 ) (1148 516 636 ) 
4 62 63 (1148 508.007813 636 ) (1148 636 636 ) (1156 636 636 ) (1156 516.007324 636 ) 
5 63 84 (1024.003906 384.003906 512.003906 ) (1024.003906 384.003906 511.996094 ) (1276 636 260 ) (1276 636 636 ) (1148 508 636 ) 
3 63 66 (1024 512 512 ) (1028 508 516 ) (1028 516 516 ) 
4 63 65 (1028 388.003906 516 ) (1148 508.003906 636 ) (1148 636 636 ) (1028 636 516 ) 
3 64 66 (1028 508 636 ) (1024 512 636 ) (1028 516 636 ) 
4 64 65 (1148 516 636 ) (1148 508 636 ) (1028 508 636 ) (1028 516 636 ) 
3 65 84 (1028 388 516 ) (1148 508 636 ) (1028 388 636 ) 
4 65 66 (1028 508 636 ) (1028 516 636 ) (1028 516 516 ) (1028 508 516 ) 
4 67 84 (1276 260 380 ) (1276 260 388 ) (1276 380 388 ) (1276 380 380 ) 
3 67 73 (1276 380 380 ) (1276 380 388 ) (1280 384 384 ) 
3 67 68 (1276 260 388 ) (1276 260 380 ) (1280 256 384 ) 
4 68 84 (1276 260 260 ) (1276 252 260 ) (1276 252 508 ) (1276 260 508 ) 
3 68 74 (1276 260 508 ) (1276 252 508 ) (1280 256 512 ) 
3 68 69 (1280 256 384 ) (1276 252 388 ) (1276 252 380 ) 
4 69 84 (1276 132 380 ) (1276 132 388 ) (1276 252 388 ) (1276 252 380 ) 
4 70 84 (1276 636.005859 388 ) (1276 636.005859 380 ) (1276 388 380 ) (1276 388 388 ) 
3 70 72 (1280 512 384 ) (1276 516 388 ) (1276 508 388 ) 
3 70 71 (1280 512 384 ) (1276 508 380 ) (1276 516 380 ) 
3 70 73 (1280 384 384 ) (1276 388 388 ) (1276 388 380 ) 
4 71 84 (1276 516 260 ) (1276 508 260 ) (1276 508 380 ) (1276 516 380 ) 
4 72 84 (1276 516 388 ) (1276 508 388 ) (1276 508 508 ) (1276 516 508 ) 
3 72 74 (1276 516 508 ) (1276 508 508 ) (1280 512 512 ) 
4 73 84 (1276 388 260 ) (1276 380 260 ) (1276 380 508 ) (1276 388 508 ) 
3 73 74 (1276 388 508 ) (1276 380 508 ) (1280 384 512 ) 
4 74 84 (1276 636.005859 516 ) (1276 636.005859 508 ) (1276 132 508 ) (1276 132 516 ) 
4 74 77 (1279.998047 383.998016 512.001953 ) (1279.998047 384.002167 512.001953 ) (1276 388 516 ) (1276 380 516 ) 
4 74 76 (1279.998047 511.998047 512.001953 ) (1279.998047 512.001831 512.001953 ) (1276 516 516 ) (1276 508 516 ) 
4 74 75 (1279.998047 255.998077 512.001953 ) (1279.998047 256.001953 512.001953 ) (1276 260 516 ) (1276 252 516 ) 
3 75 79 (1276 252 636 ) (1276 256 640 ) (1276 260 636 ) 
4 75 84 (1276 260 516 ) (1276 252 516 ) (1276 252 636 ) (1276 260 636 ) 
3 76 82 (1276 508 636 ) (1276 512 640 ) (1276 516 636 ) 
4 76 84 (1276 516 516 ) (1276 508 516 ) (1276 508 636 ) (1276 516 636 ) 
3 77 81 (1276 380 636 ) (1276 384 640 ) (1276 388 636 ) 
4 77 84 (1276 388 516 ) (1276 380 516 ) (1276 380 636 ) (1276 388 636 ) 
3 78 80 (1156 380 636 ) (1148 380 636 ) (1152 384 640 ) 
3 78 79 (1152.001953 256.001892 639.998108 ) (1148.003906 260 636 ) (1156 260 636 ) 
4 78 84 (1156 260 636 ) (1148 260 636 ) (1148 380 636 ) (1156 380 636 ) 
4 79 84 (1276 260 636 ) (1276 252 636 ) (1156 252 636 ) (1148 260 636 ) 
3 80 83 (1148 388 636 ) (1148 380 636 ) (1152 384 640 ) 
3 80 82 (1156 508 636 ) (1148.003906 508 636 ) (1152.001953 511.998108 639.998108 ) 
4 80 81 (1152 383.996094 640 ) (1156 379.996094 636 ) (1156 388 636 ) (1152 384 640 ) 
4 80 84 (1156 380 636 ) (1148 380 636 ) (1148 508 636 ) (1156 508 636 ) 
4 81 84 (1276 388 636 ) (1276 380 636 ) (1156 380 636 ) (1156 388 636 ) 
5 82 84 (1148 508.005188 636 ) (1155.994873 516 636 ) (1276 516 636 ) (1276 508 636 ) (1148 508 636 ) 
5 83 84 (1023.996704 384.003235 636 ) (1027.993530 388 636 ) (1148 388 636 ) (1148 380 636 ) (1028 380 636 ) 
4 85 89 (240 752 512 ) (240 656 512 ) (144 656 512 ) (144 752 512 ) 
4 86 88 (768 888 136 ) (768 1016 136 ) (832 1016 136 ) (832 888 136 ) 
4 86 87 (832 1024 136 ) (896.036133 1024 136 ) (896.036133 824 136 ) (832 824 136 ) 
4 87 90 (832 1024 128 ) (896.036133 1024 128 ) (896.036133 824 128 ) (832 824 128 ) 
4 87 88 (832 1016 128 ) (832 888 128 ) (832 888 136 ) (832 1016 136 ) 
4 88 90 (832 1016 128 ) (832 888 128 ) (768 888 128 ) (768 1016 128 ) 
4 89 135 (0 384 252 ) (0 384 256 ) (0 508 256 ) (0 508 252 ) 
4 89 136 (0 508 128 ) (0 384 128 ) (0 384 252 ) (0 508 252 ) 
4 89 134 (0 512 128 ) (0 508 128 ) (0 508 256 ) (0 512 256 ) 
4 89 95 (0 512 128 ) (0 576 128 ) (960 576 128 ) (960 512 128 ) 
4 89 94 (0 576 128 ) (0 768 128 ) (1024 768 128 ) (1024 576 128 ) 
4 89 96 (1024 0 128 ) (0 0 128 ) (0 512 128 ) (1024 512 128 ) 
4 90 91 (896 792 1 ) (896 792 128 ) (767.963989 792 128 ) (767.963989 792 1 ) 
4 91 92 (768 786 128 ) (768 786 0 ) (896 786 0 ) (896 786 128 ) 
4 92 93 (768 784 128 ) (768 784 0 ) (896 784 0 ) (896 784 128 ) 
4 93 94 (768 768 0 ) (896 768 0 ) (896 768 128 ) (768 768 128 ) 
4 94 125 (256 640 0 ) (260 640 0 ) (260 576 0 ) (256 576 0 ) 
4 94 123 (384 576 0 ) (380 576 0 ) (380 640 0 ) (384 640 0 ) 
4 94 124 (380 576 0 ) (260 576 0 ) (260 640 0 ) (380 640 0 ) 
4 94 95 (0 576 0 ) (960 576 0 ) (960 576 128 ) (0 576 128 ) 
4 95 125 (256 576 0 ) (260 576 0 ) (260 512 0 ) (256 512 0 ) 
4 95 123 (380 576 0 ) (384 576 0 ) (384 512 0 ) (380 512 0 ) 
4 95 124 (260 576 0 ) (380 576 0 ) (380 512 0 ) (260 512 0 ) 
4 95 96 (0 512 0 ) (960 512 0 ) (960 512 128 ) (0 512 128 ) 
4 96 266 (256 0 128 ) (128 0 128 ) (128 0 0 ) (256 0 0 ) 
4 96 103 (0 128 0 ) (0 132 0 ) (128 132 0 ) (128 128 0 ) 
4 96 101 (124 252 0 ) (128 252 0 ) (128 132 0 ) (124 132 0 ) 
4 96 102 (0 132 0 ) (0 252 0 ) (124 252 0 ) (124 132 0 ) 
4 96 99 (0 252 0 ) (0 256 0 ) (128 256 0 ) (128 252 0 ) 
4 96 100 (0 256 0 ) (0 260 0 ) (128 260 0 ) (128 256 0 ) 
4 96 98 (0 260 0 ) (0 384 0 ) (128 384 0 ) (128 260 0 ) 
3 97 112 (124 260 -124 ) (64 320 -64 ) (124 380 -4 ) 
4 97 104 (64 320.003906 -64 ) (124 260.003906 -124 ) (124 260 -124 ) (64 260 -64 ) 
4 97 98 (124 380 -4 ) (64 320 -64 ) (64 260 -64 ) (124 260 -4 ) 
3 98 112 (64 320 -64 ) (4 380 -4 ) (124 380 -4 ) 
4 98 104 (4 380.003906 -4 ) (64 320.003906 -64 ) (64 260 -64 ) (4 260 -4 ) 
4 98 100 (0 260 0 ) (4 260 -4 ) (124 260 -4 ) (128 260 0 ) 
3 99 101 (124 252 -4 ) (128 252 0 ) (124 252 0 ) 
4 99 102 (0 252 0 ) (4 252 -4 ) (124 252 -4 ) (124 252 0 ) 
3 101 103 (128 132 0 ) (124 132 0 ) (124 132 -4 ) 
4 101 102 (124 252 0 ) (124 252 -4 ) (124 132 -4 ) (124 132 0 ) 
4 102 106 (124 132 -124 ) (4 132 -4 ) (4 252 -4 ) (124 252 -124 ) 
4 102 103 (0 132 0 ) (4 132 -4 ) (124 132 -4 ) (124 132 0 ) 
3 104 112 (4 260 -124 ) (4 380 -4 ) (124 260 -124 ) 
3 105 107 (4 256 -128 ) (4 252 -132 ) (4 252 -124 ) 
5 105 106 (4 252 -124 ) (4 252 -132 ) (124.003654 252 -131.996338 ) (128 252 -128 ) (124 252 -124 ) 
3 106 117 (4 132 -252 ) (124 252 -132 ) (124 132 -132 ) 
3 106 114 (123.996033 252 -132 ) (4 132.003998 -251.996033 ) (4 252 -132 ) 
5 106 108 (124 132 -132 ) (128 132 -128 ) (124 132 -124 ) (4 132 -124 ) (4 132 -132 ) 
4 106 107 (4 132 -132 ) (4 132 -124 ) (4 252 -124 ) (4 252 -132 ) 
3 107 109 (4 132 -132 ) (4 132 -124 ) (0 132 -128 ) 
3 108 109 (4 132 -124 ) (4 132 -132 ) (4 128 -128 ) 
3 110 113 (124 260 -131.996338 ) (127.998108 260 -127.998108 ) (124 260 -124 ) 
3 110 111 (124 384 -128 ) (124 380 -132 ) (124 380 -124 ) 
4 110 112 (124 380 -132 ) (124 260 -132 ) (124 260 -124 ) (124 380 -124 ) 
3 111 116 (4 384 -128 ) (4 380 -132 ) (4 380 -124 ) 
5 111 112 (4 380 -124 ) (4 380 -132.003906 ) (123.996094 380 -132.003906 ) (124 380 -132 ) (124 380 -124 ) 
3 112 118 (124 260 -132 ) (4 260 -252 ) (124 380 -132 ) 
4 112 116 (4 260 -132 ) (4 260 -124 ) (4 380 -124 ) (4 380 -132 ) 
3 112 115 (124 380 -132 ) (4 260 -252 ) (4 380 -132 ) 
5 112 113 (4 260 -124 ) (4 260 -132 ) (123.996330 260 -132 ) (124 260 -131.996338 ) (124 260 -124 ) 
3 113 116 (4 256 -128 ) (4 260 -124 ) (4 260 -132 ) 
3 114 119 (124 252 -132 ) (4 132 -252 ) (4 252 -252 ) 
3 115 121 (124 380 -132 ) (4 260 -252 ) (4 380 -252 ) 
3 117 119 (3.996094 132 -252 ) (124 252.003906 -131.996094 ) (124 132 -252 ) 
3 118 121 (4.003906 260 -252 ) (124 379.996094 -132.003906 ) (124 260 -252 ) 
3 120 130 (260 636 -252 ) (260 516 -132 ) (380 516 -132 ) 
3 120 126 (260 636 -252 ) (380 516 -132 ) (380 636 -252 ) 
4 122 130 (380 576 -64 ) (320 576 -64 ) (260 636 -124 ) (380 636 -124 ) 
3 122 127 (320 576 -64 ) (260 576 -64 ) (260 636 -124 ) 
4 122 124 (260 636 -4 ) (260 576 -64 ) (380 576 -64 ) (380 636 -4 ) 
4 123 124 (380 640 0 ) (380 636 -4 ) (380 516 -4 ) (380 512 0 ) 
3 124 132 (320 576 -64 ) (380 576 -64 ) (380 516 -4 ) 
4 124 127 (260 516 -4 ) (260 576 -64 ) (320 576 -64 ) (380 516 -4 ) 
4 124 125 (260 516 -4 ) (260 512 0 ) (260 640 0 ) (260 636 -4 ) 
3 126 130 (380 636 -132 ) (260 636 -252 ) (380 516 -132 ) 
3 127 132 (320.001923 576.001953 -63.998070 ) (380.003906 516 -3.996094 ) (260 516 -124 ) 
3 127 130 (260 636.003906 -124 ) (320.001923 576.001953 -63.998070 ) (260 516 -124 ) 
4 128 129 (380 636 -132 ) (380 636 -124 ) (380 636.003479 -124 ) (380 640.001831 -127.998169 ) 
5 128 130 (380 636 -132 ) (380 516 -132 ) (380 512 -128 ) (380 516 -124 ) (380 636 -124 ) 
3 129 131 (260 636 -132 ) (260 636 -124 ) (260 640 -128 ) 
5 129 130 (260 636 -124 ) (260 636 -132 ) (379.996124 636 -132 ) (380 636 -131.996094 ) (380 636 -124 ) 
4 130 132 (320.003906 576 -64 ) (260.003906 516 -124 ) (380 516 -124 ) (380 576 -64 ) 
5 130 131 (260 516 -132 ) (260 512 -128 ) (260 516 -124 ) (260 636 -124 ) (260 636 -132 ) 
3 133 137 (-124 388 252 ) (-124 508 252 ) (-4 388 132 ) 
3 133 136 (-3.996094 388 132.003906 ) (-123.992195 507.996094 252 ) (-3.996094 388 252 ) 
3 134 135 (0 508 252 ) (0 508 256 ) (-4 508 252 ) 
4 134 136 (-4 508 131.994202 ) (0 508 127.994156 ) (0 508 252 ) (-4 508 252 ) 
4 135 136 (0 383.992188 252 ) (-4 387.992188 252 ) (-4 508 252 ) (0 508 252 ) 
3 136 137 (-4 388 132 ) (-124 508 252 ) (-4 508 132 ) 
4 138 251 (256 0 128 ) (336 0 128 ) (336 -4 128 ) (260 -4 128 ) 
4 138 248 (336 0 128 ) (380 0 128 ) (380 -4 128 ) (336 -4 128 ) 
4 138 243 (380 0 128 ) (384 0 128 ) (384 -4 128 ) (380 -4 128 ) 
3 138 141 (380 -4 128 ) (384 -4 128 ) (380 -4 132 ) 
4 138 142 (256 -4 132 ) (256 -4 128 ) (380 -4 128 ) (380 -4 132 ) 
3 138 139 (256 0 128 ) (256 -4 132 ) (260 -4 132 ) 
4 139 182 (256 0 128 ) (256 -4 132 ) (256 -4 248 ) (256 0 248 ) 
4 139 179 (256 -4 248 ) (256 -4 252 ) (256 0 252 ) (256 0 248 ) 
4 139 173 (256 -4 252 ) (256 -4 256 ) (256 0 256 ) (256 0 252 ) 
4 139 142 (256 -4 252 ) (256 -4 132 ) (260 -4 132 ) (260 -4 252 ) 
3 139 140 (256 -4 256 ) (256 -4 252 ) (260 -4 252 ) 
4 140 173 (256 -24 252 ) (256 -24 256 ) (256 -4 256 ) (256 -4 252 ) 
3 140 144 (256 -24 256 ) (256 -24 252 ) (260 -24 252 ) 
4 140 142 (260 -24 252 ) (256 -24 252 ) (256 -4 252 ) (260 -4 252 ) 
4 141 243 (384 -24 128 ) (380 -24 128 ) (380 -4 128 ) (384 -4 128 ) 
3 141 148 (380 -24 128 ) (384 -24 128 ) (380 -24 132 ) 
4 141 142 (380 -24 128 ) (380 -24 132 ) (380 -4 132 ) (380 -4 128 ) 
4 142 253 (336 -24 128 ) (280 -24 128 ) (260 -4 128 ) (336 -4 128 ) 
4 142 250 (380 -24 128 ) (336 -24 128 ) (336 -4 128 ) (380 -4 128 ) 
4 142 184 (256 -24 244 ) (256 -24 248 ) (256 -20 248 ) (256 -20 244 ) 
4 142 183 (256 -20 148 ) (256 -20 248 ) (256 -4 248 ) (256 -4 132 ) 
4 142 180 (256 -24 248 ) (256 -24 252 ) (256 -4 252 ) (256 -4 248 ) 
4 142 158 (256 -24 244 ) (256 -24 128 ) (272 -24 128 ) (272 -24 244 ) 
4 142 157 (272 -24 128 ) (336 -24 128 ) (336 -24 244 ) (272 -24 244 ) 
4 142 156 (336 -24 128 ) (380 -24 128 ) (380 -24 244 ) (336 -24 244 ) 
4 142 153 (320 -24 244 ) (380 -24 244 ) (380 -24 248 ) (320 -24 248 ) 
4 142 152 (256 -24 252 ) (256 -24 248 ) (380 -24 248 ) (380 -24 252 ) 
3 143 173 (256 -256 252 ) (256 -260 252 ) (256 -256 256 ) 
5 143 154 (256 -260 252 ) (256 -256 252 ) (260 -252 252 ) (380 -252 252 ) (380 -260 252 ) 
3 143 149 (380 -252 252 ) (384 -256 252 ) (380 -260 252 ) 
3 143 146 (256 -260 252 ) (260 -260 252 ) (256 -256 256 ) 
3 143 144 (260 -252 252 ) (256 -256 252 ) (256 -256 256 ) 
4 144 173 (256 -24 256 ) (256 -24 252 ) (256 -256 252 ) (256 -256 256 ) 
4 144 154 (256 -256 252 ) (256 -160 252 ) (260 -160 252 ) (260 -252 252 ) 
4 144 152 (256 -160 252 ) (256 -24 252 ) (260 -24 252 ) (260 -160 252 ) 
3 144 145 (260 -132 252 ) (260 -124 252 ) (256 -128 256 ) 
4 145 152 (380 -124 252 ) (380 -132 252 ) (260 -132 252 ) (260 -124 252 ) 
3 145 150 (380 -124 252 ) (384 -128 252 ) (380 -132 252 ) 
4 146 173 (256 -384 252 ) (256 -384 256 ) (256 -256 256 ) (256 -260 252 ) 
3 146 160 (256 -384 256 ) (256 -384 252 ) (260 -384 252 ) 
4 146 154 (260 -384 252 ) (256 -384 252 ) (256 -260 252 ) (260 -260 252 ) 
3 146 147 (256 -384 256 ) (260 -384 252 ) (260 -380 252 ) 
4 147 161 (256 -384 256 ) (260 -384 252 ) (384 -384 252 ) (384 -384 256 ) 
4 147 154 (380 -384 252 ) (260 -384 252 ) (260 -380 252 ) (380 -380 252 ) 
3 147 151 (384 -384 252 ) (380 -384 252 ) (380 -380 252 ) 
4 148 243 (384 -384 128 ) (380 -384 128 ) (380 -24 128 ) (384 -24 128 ) 
3 148 163 (380 -384 128 ) (384 -384 128 ) (380 -384 132 ) 
4 148 156 (380 -384 128 ) (380 -384 132 ) (380 -24 132 ) (380 -24 128 ) 
3 148 151 (380 -380 132.001968 ) (380 -384 132.001968 ) (384 -384 128.001984 ) 
3 148 150 (380 -124 132.001953 ) (380 -132 132.001953 ) (384 -128 128.003372 ) 
3 148 149 (380 -252 132.001968 ) (380 -260 132.001968 ) (384 -256 128.002655 ) 
4 149 156 (380 -252 244 ) (380 -252 132 ) (380 -260 132 ) (380 -260 244 ) 
4 149 155 (380 -252 248 ) (380 -252 244 ) (380 -260 244 ) (380 -260 248 ) 
4 149 154 (380 -260 252 ) (380 -252 252 ) (380 -252 248 ) (380 -260 248 ) 
4 150 156 (380 -124 244 ) (380 -124 132 ) (380 -132 132 ) (380 -132 244 ) 
4 150 153 (380 -124 248 ) (380 -124 244 ) (380 -132 244 ) (380 -132 248 ) 
4 150 152 (380 -132 252 ) (380 -124 252 ) (380 -124 248 ) (380 -132 248 ) 
4 151 163 (384 -384 128 ) (384 -384 244 ) (380 -384 244 ) (380 -384 132 ) 
4 151 162 (384 -384 244 ) (384 -384 252 ) (380 -384 252 ) (380 -384 244 ) 
4 151 156 (380 -384 132 ) (380 -384 244 ) (380 -380 244 ) (380 -380 132 ) 
4 151 155 (380 -384 244 ) (380 -384 248 ) (380 -380 248 ) (380 -380 244 ) 
4 151 154 (380 -384 248 ) (380 -384 252 ) (380 -380 252 ) (380 -380 248 ) 
4 152 180 (256 -160 252 ) (256 -24 252 ) (256 -24 248 ) (256 -160 248 ) 
4 152 154 (380 -160 248 ) (380 -160 252 ) (256 -160 252 ) (256 -160 248 ) 
4 152 153 (380 -160 248 ) (320 -160 248 ) (320 -24 248 ) (380 -24 248 ) 
4 153 157 (320 -24 244 ) (336 -24 244 ) (336 -80 244 ) (320 -80 244 ) 
4 153 156 (336 -24 244 ) (380 -24 244 ) (380 -160 244 ) (336 -160 244 ) 
4 153 155 (320 -160 244 ) (380 -160 244 ) (380 -160 248 ) (320 -160 248 ) 
4 154 180 (256 -384 248 ) (256 -384 252 ) (256 -160 252 ) (256 -160 248 ) 
4 154 162 (256 -384 252 ) (256 -384 248 ) (380 -384 248 ) (380 -384 252 ) 
4 154 155 (320 -160 248 ) (380 -160 248 ) (380 -384 248 ) (320 -384 248 ) 
4 155 162 (320 -384 244 ) (380 -384 244 ) (380 -384 248 ) (320 -384 248 ) 
4 155 156 (380 -160 244 ) (380 -384 244 ) (336 -384 244 ) (336 -160 244 ) 
4 156 250 (380 -384 128 ) (336 -384 128 ) (336 -24 128 ) (380 -24 128 ) 
4 156 163 (336 -384 128 ) (380 -384 128 ) (380 -384 244 ) (336 -384 244 ) 
4 156 157 (336 -80 244 ) (336 -24 244 ) (336 -24 128 ) (336 -80 128 ) 
4 157 254 (272 -24 128 ) (336 -24 128 ) (336 -80 128 ) (272 -80 128 ) 
4 157 158 (272 -40 244 ) (272 -24 244 ) (272 -24 128 ) (272 -40 128 ) 
3 158 255 (256 -24 128 ) (272 -24 128 ) (272 -40 128 ) 
4 159 256 (320 -384 128 ) (256 -384 128 ) (256 -96 128 ) (320 -96 128 ) 
4 159 186 (256 -160 128 ) (256 -384 128 ) (256 -384 244 ) (256 -160 244 ) 
4 159 185 (256 -96 128 ) (256 -160 128 ) (256 -160 244 ) (256 -96 244 ) 
4 160 199 (256 -512 252 ) (256 -512 256 ) (256 -508 256 ) (256 -508 252 ) 
4 160 190 (256 -508 256 ) (256 -384 256 ) (256 -384 252 ) (256 -508 252 ) 
3 160 161 (260 -388 252 ) (260 -384 252 ) (256 -384 256 ) 
4 160 162 (260 -507.996094 252 ) (256 -511.996094 252 ) (256 -384 252 ) (260 -384 252 ) 
4 161 162 (383.996094 -384 252 ) (379.996094 -388 252 ) (260 -388 252 ) (260 -384 252 ) 
4 162 199 (256 -512 244 ) (256 -512 252 ) (256 -508 252 ) (256 -508 244 ) 
4 162 194 (256 -448 244 ) (256 -508 244 ) (256 -508 248 ) (256 -448 248 ) 
4 162 193 (256 -508 252 ) (256 -384 252 ) (256 -384 248 ) (256 -508 248 ) 
4 162 170 (260 -508 244 ) (380 -388 244 ) (380 -388 252 ) (260 -508 252 ) 
3 162 165 (319.996094 -448 244 ) (256 -511.996094 244 ) (256 -448 244 ) 
4 162 164 (367.996094 -400 244 ) (319.996094 -448 244 ) (272 -448 244 ) (272 -400 244 ) 
4 162 163 (383.996094 -384 244 ) (367.996094 -400 244 ) (336 -400 244 ) (336 -384 244 ) 
4 163 257 (336 -384 128 ) (384 -384 128 ) (368 -400 128 ) (336 -400 128 ) 
3 163 169 (380 -388 128 ) (384 -384 128 ) (380 -388 132 ) 
4 163 170 (368 -400 128 ) (380 -388 128 ) (380 -388 244 ) (368 -400 244 ) 
4 163 164 (368 -400 128 ) (368 -400 244 ) (336 -400 244 ) (336 -400 128 ) 
4 164 258 (272 -400 128 ) (368 -400 128 ) (320 -448 128 ) (272 -448 128 ) 
4 164 170 (320 -448 128 ) (368 -400 128 ) (368 -400 244 ) (320 -448 244 ) 
4 164 166 (320 -448 128 ) (320 -448 136 ) (272 -448 136 ) (272 -448 128 ) 
4 164 165 (320 -448 136 ) (320 -448 244 ) (272 -448 244 ) (272 -448 136 ) 
4 165 199 (256 -512 136 ) (256 -512 244 ) (256 -508 244 ) (256 -508 136 ) 
4 165 196 (256 -488 244 ) (256 -464 244 ) (256 -464 136 ) (256 -488 136 ) 
4 165 197 (256 -508 244 ) (256 -488 244 ) (256 -488 136 ) (256 -508 136 ) 
4 165 170 (260 -508 136 ) (320 -448 136 ) (320 -448 244 ) (260 -508 244 ) 
4 165 167 (256 -448 136 ) (264 -448 136 ) (264 -456 136 ) (256 -456 136 ) 
4 165 168 (264 -488 136 ) (264 -504 136 ) (256 -512 136 ) (256 -488 136 ) 
3 165 166 (264 -448 136 ) (320 -448 136 ) (264 -504 136 ) 
3 166 259 (264 -448 128 ) (320 -448 128 ) (264 -504 128 ) 
4 166 170 (264 -504 128 ) (320 -448 128 ) (320 -448 136 ) (264 -504 136 ) 
3 166 167 (264 -456 136 ) (264 -448 136 ) (264 -448 128 ) 
4 166 168 (264 -504 128 ) (264 -504 136 ) (264 -488 136 ) (264 -488 128 ) 
4 168 260 (256 -512 128 ) (256 -488 128 ) (264 -488 128 ) (264 -504 128 ) 
4 168 199 (256 -512 128 ) (256 -512 136 ) (256 -508 136 ) (256 -508 132 ) 
3 168 198 (256 -508 128 ) (256 -512 128 ) (256 -508 132 ) 
4 168 197 (256 -488 128 ) (256 -508 128 ) (256 -508 136 ) (256 -488 136 ) 
3 168 172 (256 -512 128 ) (260 -508 128 ) (260 -508 132 ) 
4 168 170 (260 -508 128 ) (264 -504 128 ) (264 -504 136 ) (260 -508 136 ) 
4 169 261 (384 -508 128 ) (380 -508 128 ) (380 -388 128 ) (384 -384 128 ) 
3 169 171 (380 -508 132 ) (380 -508 128 ) (384 -508 128 ) 
4 169 170 (380 -508 128 ) (380 -508 132 ) (380 -388 132 ) (380 -388 128 ) 
3 170 263 (380 -508 128 ) (260 -508 128 ) (380 -388 128 ) 
4 170 172 (260 -508 132 ) (260 -508 128 ) (380 -508 128 ) (380 -508 132 ) 
4 171 261 (380 -512 128 ) (380 -508 128 ) (384 -508 128 ) (384 -512 128 ) 
3 171 172 (380 -508 132 ) (380 -508 128 ) (380 -512 128 ) 
4 172 264 (256 -512 128 ) (260 -508 128 ) (380 -508 128 ) (380 -512 128 ) 
3 173 190 (252 -384 252 ) (256 -384 252 ) (256 -384 256 ) 
3 173 179 (252 -4 252 ) (256 0 252 ) (256 -4 252 ) 
4 173 180 (256 -384 252 ) (252 -384 252 ) (252 -4 252 ) (256 -4 252 ) 
3 173 177 (252 -380 252 ) (252 -384 252 ) (256 -384 256 ) 
3 173 176 (252 -252 252 ) (252 -260 252 ) (256 -256 256 ) 
3 173 175 (252 -124 252 ) (252 -132 252 ) (256 -128 256 ) 
4 174 212 (128 -160 252 ) (128 -384 252 ) (128 -384 256 ) (128 -160 256 ) 
4 174 201 (128 0 256 ) (128 0 252 ) (128 -160 252 ) (128 -160 256 ) 
3 174 191 (128 -384 256 ) (128 -384 252 ) (132 -384 252 ) 
3 174 178 (128 -4 252 ) (128 0 252 ) (132 -4 252 ) 
4 174 180 (132 -384 252 ) (128 -384 252 ) (128 -4 252 ) (132 -4 252 ) 
3 174 177 (128 -384 256 ) (132 -384 252 ) (132 -380 252 ) 
3 174 176 (132 -260 252 ) (132 -252 252 ) (128 -256 256 ) 
3 174 175 (132 -132 252 ) (132 -124 252 ) (128 -128 256 ) 
4 175 180 (132 -132 252 ) (132 -124 252 ) (252 -124 252 ) (252 -132 252 ) 
4 176 180 (132 -260 252 ) (132 -252 252 ) (252 -252 252 ) (252 -260 252 ) 
4 177 192 (128 -384 256 ) (132 -384 252 ) (252 -384 252 ) (256 -384 256 ) 
4 177 180 (252 -384 252 ) (132 -384 252 ) (132 -380 252 ) (252 -380 252 ) 
4 178 203 (128 0 252 ) (128 0 248 ) (128 -4 248 ) (128 -4 252 ) 
3 178 181 (128 -4 248 ) (128 0 248 ) (132 -4 248 ) 
4 178 180 (128 -4 248 ) (132 -4 248 ) (132 -4 252 ) (128 -4 252 ) 
3 179 182 (256 0 248 ) (256 -4 248 ) (252 -4 248 ) 
4 179 180 (252 -4 248 ) (256 -4 248 ) (256 -4 252 ) (252 -4 252 ) 
4 180 215 (128 -160 248 ) (128 -384 248 ) (128 -384 252 ) (128 -160 252 ) 
4 180 203 (128 -4 248 ) (128 -160 248 ) (128 -160 252 ) (128 -4 252 ) 
4 180 193 (128 -384 252 ) (128 -384 248 ) (256 -384 248 ) (256 -384 252 ) 
4 180 184 (128 -24 248 ) (128 -20 248 ) (256 -20 248 ) (256 -24 248 ) 
4 180 183 (128 -20 248 ) (128 -4 248 ) (256 -4 248 ) (256 -20 248 ) 
4 181 204 (128 0 244 ) (128 0 128 ) (128 -4 132 ) (128 -4 244 ) 
4 181 203 (128 0 248 ) (128 0 244 ) (128 -4 244 ) (128 -4 248 ) 
4 181 183 (128 -4 131.998047 ) (132 -4 131.998047 ) (132 -4 248 ) (128 -4 248 ) 
4 182 183 (252 -4 131.998047 ) (256 -4 131.998047 ) (256 -4 248 ) (252 -4 248 ) 
4 183 204 (128 -4 132 ) (128 -20 148 ) (128 -20 244 ) (128 -4 244 ) 
4 183 203 (128 -20 244 ) (128 -20 248 ) (128 -4 248 ) (128 -4 244 ) 
4 183 184 (256 -20 244 ) (256 -20 248 ) (128 -20 248 ) (128 -20 244 ) 
4 184 203 (128 -24 248 ) (128 -20 248 ) (128 -20 244 ) (128 -24 244 ) 
4 185 270 (256 -96 128 ) (256 -160 128 ) (128 -160 128 ) (128 -96 128 ) 
4 185 188 (160 -160 244 ) (128 -160 244 ) (128 -160 128 ) (160 -160 128 ) 
4 185 187 (192 -160 244 ) (160 -160 244 ) (160 -160 128 ) (192 -160 128 ) 
4 185 186 (256 -160 128 ) (256 -160 244 ) (192 -160 244 ) (192 -160 128 ) 
4 186 270 (256 -160 128 ) (256 -384 128 ) (192 -384 128 ) (192 -160 128 ) 
4 186 195 (192 -384 128 ) (256 -384 128 ) (256 -384 244 ) (192 -384 244 ) 
4 186 189 (192 -288 128 ) (192 -384 128 ) (192 -384 244 ) (192 -288 244 ) 
4 186 187 (192 -160 244 ) (192 -160 128 ) (192 -288 128 ) (192 -288 244 ) 
4 187 270 (160 -160 128 ) (192 -160 128 ) (192 -288 128 ) (160 -288 128 ) 
4 187 189 (192 -288 128 ) (192 -288 244 ) (160 -288 244 ) (160 -288 128 ) 
4 187 188 (160 -160 244 ) (160 -160 128 ) (160 -288 128 ) (160 -288 244 ) 
4 188 270 (128 -288 128 ) (128 -160 128 ) (160 -160 128 ) (160 -288 128 ) 
4 188 216 (128 -160 128 ) (128 -288 128 ) (128 -288 246 ) (128 -160 246 ) 
4 188 189 (128 -288 246 ) (128 -288 128 ) (160 -288 128 ) (160 -288 246 ) 
4 189 270 (192 -384 128 ) (128 -384 128 ) (128 -288 128 ) (192 -288 128 ) 
4 189 216 (128 -288 128 ) (128 -384 128 ) (128 -384 246 ) (128 -288 246 ) 
4 189 195 (128 -384 244 ) (128 -384 128 ) (192 -384 128 ) (192 -384 244 ) 
3 190 199 (252 -508 252 ) (256 -508 252 ) (256 -508 256 ) 
4 190 193 (256 -508 252 ) (252 -508 252 ) (252 -384 252 ) (256 -384 252 ) 
3 190 192 (256 -384 256 ) (252 -384 252 ) (252 -388 252 ) 
4 191 229 (128 -508 252 ) (128 -508 256 ) (128 -384 256 ) (128 -384 252 ) 
3 191 200 (128 -508 256 ) (128 -508 252 ) (132 -508 252 ) 
4 191 193 (132 -508 252 ) (128 -508 252 ) (128 -384 252 ) (132 -384 252 ) 
3 191 192 (132 -388 252 ) (132 -384 252 ) (128 -384 256 ) 
4 192 193 (132 -388 252 ) (132 -384 252 ) (252 -384 252 ) (252 -388 252 ) 
4 193 231 (128 -508 248 ) (128 -508 252 ) (128 -384 252 ) (128 -384 248 ) 
4 193 200 (128 -508 252 ) (128 -508 248 ) (132 -508 248 ) (132 -508 252 ) 
4 193 199 (252 -508 248 ) (256 -508 248 ) (256 -508 252 ) (252 -508 252 ) 
4 193 194 (256 -508 248 ) (128 -508 248 ) (128 -448 248 ) (256 -448 248 ) 
4 194 232 (128 -508 244 ) (128 -508 248 ) (128 -448 248 ) (128 -448 244 ) 
4 194 200 (128 -508 248 ) (128 -508 244 ) (132 -508 244 ) (132 -508 248 ) 
4 194 199 (252 -508 244 ) (256 -508 244 ) (256 -508 248 ) (252 -508 248 ) 
4 194 196 (128 -488 244 ) (128 -464 244 ) (256 -464 244 ) (256 -488 244 ) 
4 194 197 (256 -508 244 ) (128 -508 244 ) (128 -488 244 ) (256 -488 244 ) 
4 195 270 (256 -384 128 ) (256 -448 128 ) (128 -448 128 ) (128 -384 128 ) 
4 196 236 (128 -488 136 ) (128 -488 244 ) (128 -464 244 ) (128 -464 136 ) 
4 196 197 (256 -488 136 ) (256 -488 244 ) (128 -488 244 ) (128 -488 136 ) 
4 197 271 (256 -488 128 ) (256 -508 128 ) (128 -508 128 ) (128 -488 128 ) 
4 197 238 (128 -488 128 ) (128 -508 128 ) (128 -508 136 ) (128 -488 136 ) 
4 197 236 (128 -508 136 ) (128 -508 244 ) (128 -488 244 ) (128 -488 136 ) 
4 197 200 (128 -508 244 ) (128 -508 128 ) (132 -508 132 ) (132 -508 244 ) 
4 197 199 (256 -508 132 ) (256 -508 244 ) (252 -508 244 ) (252 -508 132 ) 
4 197 198 (128 -508 128 ) (256 -508 128 ) (256 -508 132 ) (132 -508 132 ) 
4 198 272 (256 -508 128 ) (256 -512 128 ) (128 -512 128 ) (128 -508 128 ) 
3 198 200 (132 -508 132 ) (128 -508 128 ) (128 -512 128 ) 
4 198 199 (255.996063 -511.996094 128 ) (256 -511.996094 128 ) (256 -508 131.996094 ) (252 -508 131.996094 ) 
4 200 238 (128 -508 128 ) (128 -512 128 ) (128 -512 136 ) (128 -508 136 ) 
4 200 236 (128 -512 136 ) (128 -512 244 ) (128 -508 244 ) (128 -508 136 ) 
4 200 232 (128 -512 244 ) (128 -512 248 ) (128 -508 248 ) (128 -508 244 ) 
4 200 231 (128 -512 248 ) (128 -512 252 ) (128 -508 252 ) (128 -508 248 ) 
4 200 229 (128 -512 252 ) (128 -512 256 ) (128 -508 256 ) (128 -508 252 ) 
3 201 212 (124 -160 252 ) (128 -160 252 ) (128 -160 256 ) 
4 201 203 (128 -160 252 ) (124 -160 252 ) (124 -4 252 ) (128 0 252 ) 
4 201 202 (124.001961 -124 252 ) (124.001961 -132 252 ) (128 -128.001556 255.998444 ) (128 -127.998451 255.998444 ) 
3 202 207 (4 -132 252 ) (0 -128 252 ) (4 -124 252 ) 
4 202 203 (4 -132 252 ) (4 -124 252 ) (124 -124 252 ) (124 -132 252 ) 
4 203 218 (60 -160 252 ) (4 -160 252 ) (4 -160 244 ) (60 -160 244 ) 
4 203 217 (64 -160 252 ) (62 -160 252 ) (62 -160 244 ) (64 -160 244 ) 
4 203 216 (128 -160 244 ) (128 -160 246 ) (64 -160 246 ) (64 -160 244 ) 
4 203 215 (128 -160 248 ) (128 -160 252 ) (64 -160 252 ) (64 -160 248 ) 
4 203 210 (124 -4 244 ) (4 -124 244 ) (4 -124 252 ) (124 -4 252 ) 
4 203 207 (4 -132 252 ) (4 -123.996094 252 ) (4 -123.996094 244 ) (4 -132 244 ) 
4 203 205 (48 -144 244 ) (48 -79.996094 244 ) (112 -15.996101 244 ) (112 -144 244 ) 
4 203 206 (48 -160 244 ) (4 -160 244 ) (4 -123.996094 244 ) (48 -79.996094 244 ) 
4 203 204 (112 -40 244 ) (112 -15.996101 244 ) (128 0.003899 244 ) (128 -24 244 ) 
3 204 279 (128 -24 128 ) (112 -40 128 ) (112 -24 128 ) 
3 204 209 (128 0 128 ) (124 -4 128 ) (124 -4 132 ) 
4 204 210 (124 -4 128 ) (112 -16 128 ) (112 -16 244 ) (124 -4 244 ) 
4 204 205 (112 -40 244 ) (112 -16 244 ) (112 -16 128 ) (112 -40 128 ) 
5 205 280 (48 -144 128 ) (48 -80 128 ) (104 -24 128 ) (112 -24 128 ) (112 -144 128 ) 
4 205 210 (112 -16 128 ) (48 -80 128 ) (48 -80 244 ) (112 -16 244 ) 
4 205 206 (48 -144 244 ) (48 -79.996094 244 ) (48 -79.996101 128 ) (48 -144 128 ) 
4 206 281 (48 -160 128 ) (4 -160 128 ) (4 -144 128 ) (48 -144 128 ) 
4 206 280 (4 -144 128 ) (4 -124 128 ) (48 -80 128 ) (48 -144 128 ) 
4 206 218 (4 -160 128 ) (48 -160 128 ) (48 -160 244 ) (4 -160 244 ) 
4 206 210 (48 -80 128 ) (4 -124 128 ) (4 -124 244 ) (48 -80 244 ) 
4 206 208 (4 -160 128 ) (4 -160 132 ) (4 -132 132 ) (4 -132 128 ) 
4 206 207 (4 -132 244 ) (4 -123.996094 244 ) (4 -123.996101 128 ) (4 -132 128 ) 
3 207 283 (0 -128 128 ) (4 -124 128 ) (4 -132 128 ) 
3 207 211 (4 -124 128 ) (0 -128 128 ) (4 -124 132 ) 
3 207 208 (4 -132 128 ) (4 -132 132 ) (0 -128 128 ) 
4 208 283 (4 -160 128 ) (0 -160 128 ) (0 -128 128 ) (4 -132 128 ) 
3 208 219 (0 -160 128 ) (4 -160 128 ) (4 -160 132 ) 
4 209 276 (4 0 128 ) (128 0 128 ) (124 -4 128 ) (4 -4 128 ) 
3 209 211 (4 0 128 ) (4 -4 128 ) (4 -4 132 ) 
4 209 210 (4 -4 132 ) (4 -4 128 ) (123.996101 -4 128 ) (123.996101 -4 132 ) 
3 210 280 (104 -24 128 ) (4 -124 128 ) (4 -24 128 ) 
4 210 278 (124 -4 128 ) (104 -24 128 ) (4 -24 128 ) (4 -4 128 ) 
4 210 211 (4 -4 128 ) (4 -123.996101 128 ) (4 -123.996101 132 ) (4 -4 132 ) 
4 211 283 (0 0 128 ) (4 0 128 ) (4 -124 128 ) (0 -128 128 ) 
3 212 229 (128 -384 252 ) (128 -384 256 ) (124 -384 252 ) 
4 212 214 (124.001968 -380 252 ) (124.001968 -384 252 ) (128 -384 255.998032 ) (128 -383.998047 255.998032 ) 
4 212 213 (124.001961 -252 252 ) (124.001961 -260 252 ) (128 -256.003082 255.996918 ) (128 -255.996918 255.996918 ) 
4 212 215 (128 -384 252 ) (124 -384 252 ) (124 -160 252 ) (128 -160 252 ) 
3 213 220 (64 -252 252 ) (64 -260 252 ) (64 -256 256 ) 
4 213 215 (64 -260 252 ) (64 -252 252 ) (124 -252 252 ) (124 -260 252 ) 
4 214 230 (128 -384 256 ) (64 -384 256 ) (64 -384 252 ) (124 -384 252 ) 
3 214 221 (64 -380 252 ) (64 -384 252 ) (64 -384 256 ) 
4 214 215 (124 -384 252 ) (64 -384 252 ) (64 -380 252 ) (124 -380 252 ) 
4 215 231 (128 -384 248 ) (128 -384 252 ) (64 -384 252 ) (64 -384 248 ) 
4 215 222 (64 -224 248 ) (64 -384 248 ) (64 -384 252 ) (64 -224 252 ) 
4 215 217 (64 -160 252 ) (64 -160 248 ) (64 -224 248 ) (64 -224 252 ) 
4 216 289 (128 -224 128 ) (128 -384 128 ) (64 -384 128 ) (64 -224 128 ) 
4 216 285 (128 -160 128 ) (128 -224 128 ) (64 -224 128 ) (64 -160 128 ) 
4 216 224 (64 -225 128 ) (64 -319 128 ) (64 -319 223 ) (64 -225 223 ) 
4 216 217 (64 -160 246 ) (64 -160 128 ) (64 -224 128 ) (64 -224 246 ) 
4 217 285 (62 -160 128 ) (64 -160 128 ) (64 -224 128 ) (62 -224 128 ) 
4 217 222 (64 -224 248 ) (64 -224 252 ) (62 -224 252 ) (62 -224 248 ) 
4 218 286 (4 -160 128 ) (60 -160 128 ) (60 -224 128 ) (4 -224 128 ) 
4 218 225 (4 -224 128 ) (48 -224 128 ) (48 -224 223 ) (4 -224 223 ) 
4 218 222 (60 -224 248 ) (60 -224 252 ) (48 -224 252 ) (48 -224 248 ) 
4 218 223 (48 -224 252 ) (4 -224 252 ) (4 -224 223 ) (48 -224 223 ) 
4 218 219 (4 -224 128 ) (4 -224 132 ) (4 -160 132 ) (4 -160 128 ) 
4 219 288 (0 -224 128 ) (0 -160 128 ) (4 -160 128 ) (4 -224 128 ) 
3 219 226 (0 -224 128 ) (4 -224 128 ) (4 -224 132 ) 
3 220 227 (4 -252 252 ) (4 -260 252 ) (4 -256 256 ) 
4 220 222 (48 -252 252 ) (64 -252 252 ) (64 -260 252 ) (48 -260 252 ) 
4 220 223 (4 -260 252 ) (4 -252 252 ) (48 -252 252 ) (48 -260 252 ) 
4 221 230 (64 -384 252 ) (64 -384 256 ) (4 -384 256 ) (4 -384 252 ) 
3 221 228 (4 -380 252 ) (4 -384 252 ) (4 -384 256 ) 
4 221 222 (48 -380 252 ) (64 -380 252 ) (64 -384 252 ) (48 -384 252 ) 
4 221 223 (4 -384 252 ) (4 -380 252 ) (48 -380 252 ) (48 -384 252 ) 
4 222 231 (64 -384 248 ) (64 -384 252 ) (48 -384 252 ) (48 -384 248 ) 
4 222 223 (48 -384 248 ) (48 -384 252 ) (48 -224 252 ) (48 -224 248 ) 
4 223 234 (4 -384 244 ) (4 -384 223 ) (48 -384 223 ) (48 -384 244 ) 
4 223 233 (4 -384 248 ) (4 -384 244 ) (48 -384 244 ) (48 -384 248 ) 
4 223 231 (48 -384 252 ) (4 -384 252 ) (4 -384 248 ) (48 -384 248 ) 
4 223 228 (4 -380 223 ) (4 -384 223 ) (4 -384 252 ) (4 -380 252 ) 
4 223 227 (4 -252 223 ) (4 -260 223 ) (4 -260 252 ) (4 -252 252 ) 
4 223 225 (4 -384 223 ) (4 -224 223 ) (48 -224 223 ) (48 -384 223 ) 
4 224 290 (62 -225 128 ) (64 -225 128 ) (64 -319 128 ) (62 -319 128 ) 
4 225 291 (48 -384 128 ) (4 -384 128 ) (4 -224 128 ) (48 -224 128 ) 
4 225 234 (4 -384 128 ) (48 -384 128 ) (48 -384 223 ) (4 -384 223 ) 
4 225 228 (4 -380 132 ) (4 -384 132 ) (4 -384 223 ) (4 -380 223 ) 
4 225 227 (4 -252 132 ) (4 -260 132 ) (4 -260 223 ) (4 -252 223 ) 
4 225 226 (4 -224 132 ) (4 -224 128 ) (4 -384 128 ) (4 -384 132 ) 
4 226 293 (4 -384 128 ) (0 -384 128 ) (0 -224 128 ) (4 -224 128 ) 
3 226 234 (0 -384 128 ) (4 -384 128 ) (4 -384 132 ) 
3 226 228 (0 -384 128 ) (4 -384 132 ) (4 -380 132 ) 
3 226 227 (4 -260 132 ) (4 -252 132 ) (0 -256 128 ) 
4 228 234 (0 -384 128 ) (4 -384 132 ) (4 -384 244 ) (0 -384 244 ) 
4 228 233 (4 -384 244 ) (4 -384 248 ) (0 -384 248 ) (0 -384 244 ) 
4 228 231 (4 -384 248 ) (4 -384 252 ) (0 -384 252 ) (0 -384 248 ) 
4 228 230 (4 -384 252 ) (4 -384 256 ) (0 -384 256 ) (0 -384 252 ) 
4 229 231 (128 -512 252 ) (124 -508 252 ) (124 -384 252 ) (128 -384 252 ) 
4 229 230 (128 -384 255.996094 ) (124.001968 -384 252 ) (124.001968 -388 252 ) (128 -384.003937 255.996094 ) 
4 230 231 (4 -388 252 ) (0 -384 252 ) (124 -384 252 ) (124 -388 252 ) 
4 231 240 (4 -388 248 ) (124 -508 248 ) (124 -508 252 ) (4 -388 252 ) 
4 231 232 (128 -512 248 ) (48 -432 248 ) (48 -400 248 ) (128 -400 248 ) 
3 231 233 (48 -432 248 ) (0 -384 248 ) (48 -384 248 ) 
4 232 240 (48 -432 244 ) (124 -508 244 ) (124 -508 248 ) (48 -432 248 ) 
3 232 236 (128 -512 244 ) (64 -448 244 ) (128 -448 244 ) 
5 232 235 (64 -448 244 ) (48 -432 244 ) (48 -400 244 ) (112 -400 244 ) (112 -448 244 ) 
4 232 233 (48 -400 244 ) (48 -432 244 ) (48 -432 248 ) (48 -400 248 ) 
4 233 240 (4 -388 244 ) (48 -432 244 ) (48 -432 248 ) (4 -388 248 ) 
3 233 235 (48 -432 244 ) (16 -400 244 ) (48 -400 244 ) 
4 233 234 (16 -400 244 ) (0 -384 244 ) (48 -384 244 ) (48 -400 244 ) 
4 234 296 (48 -400 128 ) (16 -400 128 ) (0 -384 128 ) (48 -384 128 ) 
3 234 242 (0 -384 128 ) (4 -388 128 ) (4 -388 132 ) 
4 234 240 (4 -388 128 ) (16 -400 128 ) (16 -400 244 ) (4 -388 244 ) 
4 234 235 (48 -400 244 ) (16.003906 -400 244 ) (16.003899 -400 128 ) (48 -400 128 ) 
4 235 297 (112 -448 128 ) (64 -448 128 ) (16 -400 128 ) (112 -400 128 ) 
4 235 240 (16 -400 128 ) (64 -448 128 ) (64 -448 244 ) (16 -400 244 ) 
4 235 239 (64.003914 -448 136 ) (64.003914 -448 128 ) (112 -448 128 ) (112 -448 136 ) 
4 235 236 (112 -448 244 ) (64.003906 -448 244 ) (64.003914 -448 136 ) (112 -448 136 ) 
4 236 240 (124 -508 244 ) (64 -448 244 ) (64 -448 136 ) (124 -508 136 ) 
4 236 237 (120 -456 136 ) (120 -448 136 ) (128 -448 136 ) (128 -456 136 ) 
4 236 238 (128 -511.992188 136 ) (120 -503.992188 136 ) (120 -488 136 ) (128 -488 136 ) 
3 236 239 (120 -503.992188 136 ) (64.007813 -448 136 ) (120 -448 136 ) 
3 237 239 (120 -456 136 ) (120 -448 136 ) (120 -448 128 ) 
4 238 298 (128 -488 128 ) (128 -512 128 ) (120 -504 128 ) (120 -488 128 ) 
3 238 241 (124 -508 128 ) (128 -512 128 ) (124 -508 132 ) 
4 238 240 (120 -504 128 ) (124 -508 128 ) (124 -508 136 ) (120 -504 136 ) 
4 238 239 (120 -504 128 ) (120 -504 136 ) (120 -488 136 ) (120 -488 128 ) 
3 239 299 (120 -504 128 ) (64 -448 128 ) (120 -448 128 ) 
4 239 240 (64 -448 128 ) (120 -504 128 ) (120 -504 136 ) (64 -448 136 ) 
3 240 300 (4 -508 128 ) (4 -388 128 ) (124 -508 128 ) 
4 240 242 (4 -387.996094 132 ) (4 -387.996094 128 ) (4 -508 128 ) (4 -508 132 ) 
4 240 241 (4 -508 132 ) (4 -508 128 ) (123.996101 -508 128 ) (123.996101 -508 132 ) 
4 241 301 (128 -512 128 ) (4 -512 128 ) (4 -508 128 ) (124 -508 128 ) 
3 241 242 (4 -508 132 ) (4 -508 128 ) (4 -512 128 ) 
4 242 303 (0 -512 128 ) (0 -384 128 ) (4 -388 128 ) (4 -512 128 ) 
3 243 257 (384 -384 128 ) (380 -384 128 ) (380 -384 124 ) 
3 243 248 (380 -4 128 ) (380 0 128 ) (380 -4 124 ) 
4 243 250 (380 -384 124 ) (380 -384 128 ) (380 -4 128 ) (380 -4 124 ) 
3 243 247 (384 -384 128 ) (380 -384 124 ) (380 -380 124 ) 
3 243 246 (380 -132 124 ) (380 -124 124 ) (384 -128 128 ) 
3 243 245 (380 -260 124 ) (380 -252 124 ) (384 -256 128 ) 
4 244 309 (384 -24 0 ) (384 -384 0 ) (380 -384 0 ) (380 -24 0 ) 
4 244 305 (380 0 0 ) (384 0 0 ) (384 -24 0 ) (380 -24 0 ) 
3 244 257 (380 -384 0 ) (384 -384 0 ) (380 -384 4 ) 
3 244 249 (380 0 0 ) (380 -4 0 ) (380 -4 4 ) 
4 244 250 (380 -4 0 ) (380 -384 0 ) (380 -384 4 ) (380 -4 4 ) 
3 244 247 (380 -380 4 ) (380 -384 4 ) (384 -384 0 ) 
3 244 246 (380 -124 4 ) (380 -132 4 ) (384 -128 0 ) 
3 244 245 (380 -252 4 ) (380 -260 4 ) (384 -256 0 ) 
4 245 250 (380 -260 124 ) (380 -252 124 ) (380 -252 4 ) (380 -260 4 ) 
4 246 250 (380 -132 124 ) (380 -124 124 ) (380 -124 4 ) (380 -132 4 ) 
4 247 257 (384 -384 0 ) (384 -384 128 ) (380 -384 124 ) (380 -384 4 ) 
4 247 250 (380 -384 4 ) (380 -384 124 ) (380 -380 124 ) (380 -380 4 ) 
3 248 251 (336 -4 124 ) (336 -4 128 ) (336 0 128 ) 
4 248 250 (336 -4 128 ) (336 -4 124 ) (380 -4 124 ) (380 -4 128 ) 
4 249 305 (336 0 0 ) (380 0 0 ) (380 -4 0 ) (336 -4 0 ) 
3 249 252 (336 0 0 ) (336 -4 0 ) (336 -4 4 ) 
4 249 250 (336 -4 4 ) (336 -4 0 ) (380 -4 0 ) (380 -4 4 ) 
4 250 309 (380 -24 0 ) (380 -384 0 ) (336 -384 0 ) (336 -24 0 ) 
4 250 305 (380 -4 0 ) (380 -24 0 ) (336 -24 0 ) (336 -4 0 ) 
4 250 257 (336 -384 0 ) (380 -384 0 ) (380 -384 128 ) (336 -384 128 ) 
4 250 254 (336 -24 0 ) (336 -80 0 ) (336 -80 128 ) (336 -24 128 ) 
4 250 253 (336 -4 0 ) (336 -24 0 ) (336 -24 128 ) (336 -4 128 ) 
4 251 253 (260 -4 128 ) (260 -4 124 ) (336 -4 124 ) (336 -4 128 ) 
4 252 305 (256 0 0 ) (336 0 0 ) (336 -4 0 ) (260 -4 0 ) 
4 252 253 (260 -4 4 ) (260 -4 0 ) (336 -4 0 ) (336 -4 4 ) 
4 253 305 (336 -4 0 ) (336 -24 0 ) (280 -24 0 ) (260 -4 0 ) 
4 253 254 (280 -24 0 ) (336 -24 0 ) (336 -24 128 ) (280 -24 128 ) 
4 254 310 (272 -24 0 ) (320 -24 0 ) (320 -80 0 ) (272 -80 0 ) 
4 254 309 (320 -24 0 ) (336 -24 0 ) (336 -80 0 ) (320 -80 0 ) 
4 254 255 (272 -24 128 ) (272 -24 0 ) (272 -40 0 ) (272 -40 128 ) 
3 255 310 (256 -24 0 ) (272 -24 0 ) (272 -40 0 ) 
4 256 270 (256 -96 0 ) (256 -384 0 ) (256 -384 128 ) (256 -96 128 ) 
4 257 309 (336 -384 0 ) (384 -384 0 ) (368 -400 0 ) (336 -400 0 ) 
4 257 263 (368 -400 0 ) (380 -388 0 ) (380 -388 128 ) (368 -400 128 ) 
3 257 262 (380 -388 0 ) (384 -384 0 ) (380 -388 4 ) 
3 257 261 (384 -384 128 ) (380 -388 128 ) (380 -388 124 ) 
4 257 258 (336 -400 0 ) (368 -400 0 ) (368 -400 128 ) (336 -400 128 ) 
4 258 311 (272 -400 0 ) (320 -400 0 ) (320 -448 0 ) (272 -448 0 ) 
3 258 309 (320 -400 0 ) (368 -400 0 ) (320 -448 0 ) 
4 258 263 (320 -448 0 ) (368 -400 0 ) (368 -400 128 ) (320 -448 128 ) 
4 258 259 (272 -448 0 ) (320 -448 0 ) (320 -448 128 ) (272 -448 128 ) 
3 259 313 (264 -448 0 ) (320 -448 0 ) (264 -504 0 ) 
4 259 263 (264 -504 0 ) (320 -448 0 ) (320 -448 128 ) (264 -504 128 ) 
4 259 260 (264 -488 0 ) (264 -504 0 ) (264 -504 128 ) (264 -488 128 ) 
4 260 314 (256 -512 0 ) (256 -488 0 ) (264 -488 0 ) (264 -504 0 ) 
4 260 275 (256 -512 0 ) (256 -512 128 ) (256 -508 124 ) (256 -508 4 ) 
3 260 273 (256 -508 0 ) (256 -512 0 ) (256 -508 4 ) 
3 260 272 (256 -512 128 ) (256 -508 128 ) (256 -508 124 ) 
4 260 271 (256 -488 0 ) (256 -508 0 ) (256 -508 128 ) (256 -488 128 ) 
3 260 265 (256 -512 0 ) (260 -508 0 ) (260 -508 4 ) 
3 260 264 (256 -512 128 ) (260 -508 124 ) (260 -508 128 ) 
4 260 263 (260 -508 0 ) (264 -504 0 ) (264 -504 128 ) (260 -508 128 ) 
3 261 264 (380 -508 124 ) (380 -512 128 ) (380 -508 128 ) 
4 261 263 (380 -388.001953 128 ) (380 -388.001953 124 ) (380 -508 124 ) (380 -508 128 ) 
4 262 313 (380 -512 0 ) (380 -448 0 ) (384 -448 0 ) (384 -512 0 ) 
4 262 309 (380 -448 0 ) (380 -388 0 ) (384 -384 0 ) (384 -448 0 ) 
3 262 265 (380 -508 0 ) (380 -512 0 ) (380 -508 4 ) 
4 262 263 (380 -388.001953 4 ) (380 -388.001953 0 ) (380 -508 0 ) (380 -508 4 ) 
3 263 314 (260 -508 0 ) (264 -504 0 ) (264 -508 0 ) 
5 263 313 (264 -504 0 ) (320 -448 0 ) (380 -448 0 ) (380 -508 0 ) (264 -508 0 ) 
3 263 309 (320 -448 0 ) (380 -388 0 ) (380 -448 0 ) 
4 263 265 (260 -508 4 ) (260 -508 0 ) (380 -508 0 ) (380 -508 4 ) 
4 263 264 (260 -508 128 ) (260 -508 124 ) (380 -508 124 ) (380 -508 128 ) 
4 265 314 (256 -512 0 ) (260 -508 0 ) (264 -508 0 ) (264 -512 0 ) 
4 265 313 (264 -508 0 ) (380 -508 0 ) (380 -512 0 ) (264 -512 0 ) 
4 266 267 (128 -10 128 ) (128 -10 0 ) (256 -10 0 ) (256 -10 128 ) 
4 267 268 (128 -11 128 ) (128 -11 0 ) (256 -11 0 ) (256 -11 128 ) 
4 268 269 (128 -16 128 ) (128 -16 0 ) (256 -16 0 ) (256 -16 128 ) 
4 269 270 (128 -17 128 ) (128 -17 0 ) (256 -17 0 ) (256 -17 128 ) 
4 270 289 (128 -224 0 ) (128 -384 0 ) (128 -384 128 ) (128 -224 128 ) 
4 270 285 (128 -160 0 ) (128 -224 0 ) (128 -224 128 ) (128 -160 128 ) 
4 271 314 (128 -508 0 ) (128 -488 0 ) (256 -488 0 ) (256 -508 0 ) 
4 271 298 (128 -488 0 ) (128 -508 0 ) (128 -508 128 ) (128 -488 128 ) 
4 271 275 (252 -508 4 ) (256 -508 4 ) (256 -508 124 ) (252 -508 124 ) 
4 271 274 (128 -508 124 ) (128 -508 4 ) (132 -508 4 ) (132 -508 124 ) 
4 271 273 (128 -508 4 ) (128 -508 0 ) (256 -508 0 ) (256 -508 4 ) 
4 271 272 (128 -508 128 ) (128 -508 124 ) (256 -508 124 ) (256 -508 128 ) 
3 272 298 (128 -512 128 ) (128 -508 128 ) (128 -508 124 ) 
3 272 275 (252 -508 124 ) (256 -508 124 ) (256 -512 128 ) 
3 272 274 (128 -512 128 ) (128 -508 124 ) (132 -508 124 ) 
4 273 314 (128 -512 0 ) (128 -508 0 ) (256 -508 0 ) (256 -512 0 ) 
3 273 298 (128 -508 0 ) (128 -512 0 ) (128 -508 4 ) 
3 273 275 (256 -512 0 ) (256 -508 4 ) (252 -508 4 ) 
3 273 274 (132 -508 4 ) (128 -508 4 ) (128 -512 0 ) 
4 274 298 (128 -512 0 ) (128 -512 128 ) (128 -508 124 ) (128 -508 4 ) 
3 276 283 (4 -4 124 ) (4 -4 128 ) (4 0 128 ) 
4 276 278 (4 -4 128 ) (4 -4 124 ) (123.998039 -4 124 ) (123.998039 -4 128 ) 
4 277 334 (4 0 0 ) (128 0 0 ) (124 -4 0 ) (4 -4 0 ) 
3 277 282 (4 0 0 ) (4 -4 0 ) (4 -4 4 ) 
4 277 278 (4 -4 4 ) (4 -4 0 ) (123.998047 -4 0 ) (123.998047 -4 4 ) 
4 278 336 (124 -4 0 ) (104 -24 0 ) (4 -24 0 ) (4 -4 0 ) 
4 278 283 (4 -24 124 ) (4 -24 128 ) (4 -4 128 ) (4 -4 124 ) 
4 278 282 (4 -4 0 ) (4 -24 0 ) (4 -24 4 ) (4 -4 4 ) 
4 278 280 (4 -24 128 ) (4 -24 0 ) (104 -24 0 ) (104 -24 128 ) 
3 279 336 (128 -24 0 ) (112 -40 0 ) (112 -24 0 ) 
4 279 280 (112 -24 128 ) (112 -24 0 ) (112 -40 0 ) (112 -40 128 ) 
4 280 336 (112 -144 0 ) (4 -144 0 ) (4 -24 0 ) (112 -24 0 ) 
4 280 284 (4 -132 124 ) (4 -124 124 ) (4 -124 4 ) (4 -132 4 ) 
4 280 283 (4 -144 124 ) (4 -144 128 ) (4 -24 128 ) (4 -24 124 ) 
4 280 282 (4 -24 0 ) (4 -144 0 ) (4 -144 4 ) (4 -24 4 ) 
4 280 281 (4 -144 128 ) (4 -144 0 ) (48 -144 0 ) (48 -144 128 ) 
4 281 336 (48 -160 0 ) (4 -160 0 ) (4 -144 0 ) (48 -144 0 ) 
4 281 286 (4 -160 0 ) (48 -160 0 ) (48 -160 128 ) (4 -160 128 ) 
4 281 283 (4 -160 124 ) (4 -160 128 ) (4 -144 128 ) (4 -144 124 ) 
4 281 282 (4 -144 0 ) (4 -160 0 ) (4 -160 4 ) (4 -144 4 ) 
4 282 334 (0 -4 0 ) (0 0 0 ) (4 0 0 ) (4 -4 0 ) 
4 282 336 (0 -160 0 ) (0 -4 0 ) (4 -4 0 ) (4 -160 0 ) 
3 282 287 (0 -160 0 ) (4 -160 0 ) (4 -160 4 ) 
3 282 284 (0 -128 0 ) (4 -132 4 ) (4 -124 4 ) 
3 283 288 (4 -160 124 ) (4 -160 128 ) (0 -160 128 ) 
3 283 284 (4 -124 124 ) (4 -132 124 ) (0 -128 128 ) 
4 285 289 (64 -224 0 ) (128 -224 0 ) (128 -224 128 ) (64 -224 128 ) 
4 286 337 (4 -160 0 ) (48 -160 0 ) (48 -224 0 ) (4 -224 0 ) 
4 286 291 (4 -224 0 ) (48 -224 0 ) (48 -224 128 ) (4 -224 128 ) 
4 286 288 (4 -160 128 ) (4 -160 124 ) (4 -224 124 ) (4 -224 128 ) 
4 286 287 (4 -160 4 ) (4 -160 0 ) (4 -224 0 ) (4 -224 4 ) 
4 287 337 (0 -224 0 ) (0 -160 0 ) (4 -160 0 ) (4 -224 0 ) 
3 287 292 (0 -224 0 ) (4 -224 0 ) (4 -224 4 ) 
3 288 293 (4 -224 124 ) (4 -224 128 ) (0 -224 128 ) 
4 289 290 (64 -225 33 ) (64 -319 33 ) (64 -319 128 ) (64 -225 128 ) 
4 291 337 (4 -224 0 ) (48 -224 0 ) (48 -384 0 ) (4 -384 0 ) 
4 291 296 (4 -384 0 ) (48 -384 0 ) (48 -384 128 ) (4 -384 128 ) 
4 291 295 (4 -380 4 ) (4 -384 4 ) (4 -384 124 ) (4 -380 124 ) 
4 291 294 (4 -252 4 ) (4 -260 4 ) (4 -260 124 ) (4 -252 124 ) 
4 291 293 (4 -224 128 ) (4 -224 124 ) (4 -384 124 ) (4 -384 128 ) 
4 291 292 (4 -224 4 ) (4 -224 0 ) (4 -384 0 ) (4 -384 4 ) 
4 292 337 (0 -384 0 ) (0 -224 0 ) (4 -224 0 ) (4 -384 0 ) 
3 292 296 (0 -384 0 ) (4 -384 0 ) (4 -384 4 ) 
3 292 295 (0 -384 0 ) (4 -384 4 ) (4 -380 4 ) 
3 292 294 (4 -260 4 ) (4 -252 4 ) (0 -256 0 ) 
3 293 296 (4 -384 124 ) (4 -384 128 ) (0 -384 128 ) 
3 293 295 (4 -380 124 ) (4 -384 124 ) (0 -384 128 ) 
3 293 294 (4 -252 124 ) (4 -260 124 ) (0 -256 128 ) 
4 295 296 (0 -384 0 ) (4 -384 4 ) (4 -384 124 ) (0 -384 128 ) 
4 296 341 (0 -384 0 ) (48 -384 0 ) (48 -400 0 ) (16 -400 0 ) 
3 296 304 (0 -384 0 ) (4 -388 0 ) (4 -388 4 ) 
3 296 303 (0 -384 128 ) (4 -388 124 ) (4 -388 128 ) 
4 296 300 (4 -388 0 ) (16 -400 0 ) (16 -400 128 ) (4 -388 128 ) 
4 296 297 (16.001957 -400 128 ) (16.001953 -400 0 ) (48 -400 0 ) (48 -400 128 ) 
4 297 341 (112 -448 0 ) (64 -448 0 ) (16 -400 0 ) (112 -400 0 ) 
4 297 300 (16 -400 0 ) (64 -448 0 ) (64 -448 128 ) (16 -400 128 ) 
4 297 299 (64.005859 -448 128 ) (64.005859 -448 0 ) (112 -448 0 ) (112 -448 128 ) 
3 298 343 (128 -508 0 ) (128 -512 0 ) (124 -508 0 ) 
5 298 340 (128 -488 0 ) (128 -508 0 ) (124 -508 0 ) (120 -504 0 ) (120 -488 0 ) 
3 298 302 (124 -508 0 ) (128 -512 0 ) (124 -508 4 ) 
3 298 301 (128 -512 128 ) (124 -508 128 ) (124 -508 124 ) 
4 298 300 (120 -504 0 ) (124 -508 0 ) (124 -508 128 ) (120 -504 128 ) 
4 298 299 (120 -488 0 ) (120 -504 0 ) (120 -504 128 ) (120 -488 128 ) 
3 299 341 (120 -504 0 ) (64 -448 0 ) (120 -448 0 ) 
4 299 300 (64 -448 0 ) (120 -504 0 ) (120 -504 128 ) (64 -448 128 ) 
3 300 340 (120 -504 0 ) (124 -508 0 ) (120 -508 0 ) 
4 300 341 (4 -508 0 ) (4 -388 0 ) (120 -504 0 ) (120 -508 0 ) 
5 300 304 (4 -387.998047 3.998062 ) (4 -387.998047 0 ) (4 -508 0 ) (4 -508 4 ) (4 -388 4 ) 
4 300 303 (4 -387.998047 128 ) (4 -387.998047 124 ) (4 -508 124 ) (4 -508 128 ) 
4 300 302 (4 -508 4 ) (4 -508 0 ) (123.998047 -508 0 ) (123.998047 -508 4 ) 
4 300 301 (4 -508 128 ) (4 -508 124 ) (123.998039 -508 124 ) (123.998039 -508 128 ) 
3 301 303 (4 -512 128 ) (4 -508 128 ) (4 -508 124 ) 
4 302 343 (4 -512 0 ) (4 -508 0 ) (124 -508 0 ) (128 -512 0 ) 
3 302 304 (4 -508 0 ) (4 -512 0 ) (4 -508 4 ) 
4 304 343 (0 -512 0 ) (0 -508 0 ) (4 -508 0 ) (4 -512 0 ) 
4 304 341 (0 -508 0 ) (0 -384 0 ) (4 -388 0 ) (4 -508 0 ) 
3 305 329 (380 -24 -4 ) (360 -24 -24 ) (380 -4 -4 ) 
4 305 310 (320 -24 0 ) (256 -24 0 ) (256 -24 -16 ) (320 -24 -16 ) 
4 305 309 (368 -24 -16 ) (384 -24 0 ) (320 -24 0 ) (320 -24 -16 ) 
4 305 312 (256 -24 -24 ) (360 -24 -24 ) (368 -24 -16 ) (256 -24 -16 ) 
4 305 307 (260 -4 -3.997204 ) (256 -4 -3.997231 ) (256 -0.002932 0 ) (256.002899 -0.002932 0 ) 
4 305 308 (380 -4 -3.996417 ) (360 -24 -23.998035 ) (256 -24 -23.998039 ) (256 -4 -3.997231 ) 
4 306 335 (128 0 0 ) (128 0 -124 ) (128 -4 -124 ) (128 -4 -4 ) 
3 306 317 (128 -4 -124 ) (128 0 -124 ) (132 -4 -124 ) 
4 306 308 (128 -4 -124 ) (132 -4 -124 ) (132 -4 -4 ) (128 -4 -4 ) 
3 307 316 (256 0 -124 ) (260 -4 -124 ) (252 -4 -124 ) 
4 307 308 (252 -4 -124 ) (260 -4 -124 ) (260 -4 -4 ) (252 -4 -4 ) 
4 308 336 (128 -4 -124 ) (128 -24 -124 ) (128 -24 -24 ) (128 -4 -4 ) 
4 308 329 (380 -4 -4 ) (360 -24 -24 ) (260 -24 -124 ) (260 -4 -124 ) 
4 308 317 (128 -24 -124 ) (128 -4 -124 ) (132 -4 -124 ) (132 -24 -124 ) 
4 308 316 (252 -4 -124 ) (260 -4 -124 ) (260 -24 -124 ) (252 -24 -124 ) 
4 308 312 (128 -24 -24 ) (128 -24 -124 ) (260 -24 -124 ) (360 -24 -24 ) 
4 309 333 (380 -448 -4 ) (368 -448 -16 ) (368 -400 -16 ) (380 -388 -4 ) 
3 309 328 (384 -384 0 ) (380 -388 -4 ) (380 -380 -4 ) 
3 309 326 (384 -256 0 ) (380 -260 -4 ) (380 -252 -4 ) 
3 309 327 (384 -128 0 ) (380 -132 -4 ) (380 -124 -4 ) 
4 309 329 (380 -388 -4 ) (368 -400 -16 ) (368 -24 -16 ) (380 -24 -4 ) 
4 309 313 (376 -448 -8 ) (384 -448 0 ) (320 -448 0 ) (320 -448 -8 ) 
4 309 315 (320 -448 -16 ) (368 -448 -16 ) (376 -448 -8 ) (320 -448 -8 ) 
4 309 311 (320 -384 -16 ) (320 -448 -16 ) (320 -448 0 ) (320 -384 0 ) 
4 309 310 (320 -24 0 ) (320 -24 -16 ) (320 -96 -16 ) (320 -96 0 ) 
4 309 312 (368 -448 -16 ) (320 -448 -16 ) (320 -24 -16 ) (368 -24 -16 ) 
4 310 312 (256.036102 -24 -16 ) (320 -24 -16 ) (320 -96 -16 ) (256.036102 -96 -16 ) 
4 311 313 (320 -448 -8 ) (320 -448 0 ) (264 -448 0 ) (264 -448 -8 ) 
4 311 315 (256.036102 -448 -16 ) (320 -448 -16 ) (320 -448 -8 ) (256.036102 -448 -8 ) 
4 311 312 (320 -448 -16 ) (256.036102 -448 -16 ) (256.036102 -384 -16 ) (320 -384 -16 ) 
5 312 342 (128 -384 -124 ) (128 -388 -124 ) (128 -448 -64 ) (128 -448 -16 ) (128 -384 -16 ) 
4 312 338 (128 -160 -124 ) (128 -384 -124 ) (128 -384 -16 ) (128 -160 -16 ) 
4 312 336 (128 -24 -16 ) (128 -24 -124 ) (128 -160 -124 ) (128 -160 -16 ) 
3 312 333 (368 -448 -16 ) (320 -448 -64 ) (368 -400 -16 ) 
5 312 329 (320 -448 -64 ) (260 -388 -124 ) (260 -24 -124 ) (368 -24 -16 ) (368 -400 -16 ) 
4 312 321 (128 -448 -64 ) (128 -388 -124 ) (260.003906 -388 -124 ) (320.003906 -448 -64 ) 
4 312 320 (252 -388.001953 -124 ) (132 -388.001953 -124 ) (132 -380 -124 ) (252 -380 -124 ) 
4 312 319 (132 -132 -124 ) (132 -124 -124 ) (252 -124 -124 ) (252 -132 -124 ) 
4 312 318 (132 -260 -124 ) (132 -252 -124 ) (252 -252 -124 ) (252 -260 -124 ) 
4 312 317 (132 -388.001953 -124 ) (128 -388.001953 -124 ) (128 -24 -124 ) (132 -24 -124 ) 
4 312 316 (260 -388.001953 -124 ) (252 -388.001953 -124 ) (252 -24 -124 ) (260 -24 -124 ) 
4 312 315 (128 -448 -16 ) (128 -448 -64 ) (320 -448 -64 ) (368 -448 -16 ) 
4 313 333 (380 -508 -4 ) (376 -504 -8 ) (376 -448 -8 ) (380 -448 -4 ) 
4 313 321 (264 -504 -8 ) (376.003906 -504 -8 ) (380.003937 -508 -4 ) (264 -508 -4 ) 
4 313 314 (264 -488 -8 ) (264 -504 -8 ) (264 -512 0 ) (264 -488 0 ) 
4 313 315 (376 -504 -8 ) (264 -504 -8 ) (264 -448 -8 ) (376 -448 -8 ) 
3 314 343 (128 -512 0 ) (128 -508 0 ) (128 -508 -4 ) 
5 314 340 (128 -508 0 ) (128 -488 0 ) (128 -488 -8 ) (128 -504 -8 ) (128 -508 -4 ) 
3 314 325 (252 -508 -4 ) (260 -508 -4 ) (256 -512 0 ) 
3 314 324 (128 -512 0 ) (128 -508 -4 ) (132 -508 -4 ) 
4 314 321 (128 -508 -4 ) (128 -504 -8 ) (264 -504 -8 ) (264 -508 -4 ) 
4 314 315 (264 -504 -8 ) (128 -504 -8 ) (128 -488 -8 ) (264 -488 -8 ) 
3 315 342 (128 -448 -8 ) (128 -448 -64 ) (128 -504 -8 ) 
3 315 333 (376 -504 -8 ) (320 -448 -64 ) (376 -448 -8 ) 
4 315 321 (128 -504 -8 ) (128 -448 -64 ) (320.003906 -448 -64 ) (376.003906 -504 -8 ) 
3 316 332 (260 -380 -124 ) (260 -388 -124 ) (256 -384 -128 ) 
3 316 331 (260 -124 -124 ) (260 -132 -124 ) (256 -128 -128 ) 
3 316 330 (260 -252 -124 ) (260 -260 -124 ) (256 -256 -128 ) 
3 316 323 (256.001953 -383.998047 -128.001953 ) (260.003906 -388 -124 ) (252 -388 -124 ) 
4 316 320 (256 -384 -128 ) (256 -384.003906 -128 ) (252.001938 -388.003906 -124 ) (252.001938 -380 -124 ) 
3 316 319 (256 -128 -128 ) (252.001953 -132 -124 ) (252.001953 -124 -124 ) 
3 316 318 (256 -256 -128 ) (252.001938 -260 -124 ) (252.001938 -252 -124 ) 
3 317 342 (128 -384 -128 ) (128 -388 -124 ) (128 -384 -124 ) 
4 317 338 (128 -160 -128 ) (128 -384 -128 ) (128 -384 -124 ) (128 -160 -124 ) 
4 317 335 (128 0 -124 ) (128 0 -128 ) (128 -4 -128 ) (128 -4 -124 ) 
4 317 336 (128 -4 -128 ) (128 -160 -128 ) (128 -160 -124 ) (128 -4 -124 ) 
3 317 322 (128 -388 -124 ) (128 -384 -128 ) (132 -388 -124 ) 
3 317 320 (132 -380 -124 ) (132 -388 -124 ) (128 -384 -128 ) 
3 317 319 (132 -124 -124 ) (132 -132 -124 ) (128 -128 -128 ) 
3 317 318 (132 -252 -124 ) (132 -260 -124 ) (128 -256 -128 ) 
3 321 340 (128 -508 -4 ) (128 -504 -8 ) (128 -508 -8 ) 
4 321 342 (128 -504 -8 ) (128 -388 -124 ) (128 -508 -124 ) (128 -508 -8 ) 
3 321 333 (320 -448 -64 ) (380 -508 -4 ) (260 -508 -124 ) 
3 321 329 (260 -388 -124 ) (320 -448 -64 ) (260 -508 -124 ) 
4 321 325 (260 -508 -124 ) (260 -508 -4 ) (252 -508 -4 ) (252 -508 -124 ) 
4 321 324 (132 -508 -4 ) (128 -508 -4 ) (128 -508 -124 ) (132 -508 -124 ) 
4 321 323 (260 -508 -124 ) (252 -508 -124 ) (252 -388 -124 ) (260 -388 -124 ) 
4 321 322 (132 -508 -124 ) (128 -508 -124 ) (128 -388 -124 ) (132 -388 -124 ) 
4 322 342 (128 -388 -124 ) (128 -384 -128 ) (128 -508 -128 ) (128 -508 -124 ) 
3 322 324 (132 -508 -124 ) (128 -508 -124 ) (128 -508 -128 ) 
3 323 325 (256 -508 -128 ) (260 -508 -124 ) (252 -508 -124 ) 
4 324 344 (128 -512 0 ) (128 -508 -4 ) (128 -508 -128 ) (128 -512 -128 ) 
3 326 330 (380 -260 -124 ) (380 -252 -124 ) (384 -256 -124 ) 
4 326 329 (380 -252 -124 ) (380 -260 -124 ) (380 -260 -4 ) (380 -252 -4 ) 
3 327 331 (380 -132 -124 ) (380 -124 -124 ) (384 -128 -124 ) 
4 327 329 (380 -124 -124 ) (380 -132 -124 ) (380 -132 -4 ) (380 -124 -4 ) 
3 328 332 (383.998047 -383.998047 -124 ) (380 -387.996094 -124 ) (380 -380 -124 ) 
4 328 329 (380 -380 -124 ) (380 -388 -124 ) (380 -388 -4 ) (380 -380 -4 ) 
3 329 333 (380 -387.998047 -3.998017 ) (259.998047 -508 -124 ) (380 -387.998047 -124 ) 
5 329 332 (380 -387.996094 -124 ) (379.996124 -388 -124 ) (260 -388 -124 ) (260 -380 -124 ) (380 -380 -124 ) 
4 329 331 (260 -132 -124 ) (260 -124 -124 ) (380 -124 -124 ) (380 -132 -124 ) 
4 329 330 (260 -260 -124 ) (260 -252 -124 ) (380 -252 -124 ) (380 -260 -124 ) 
3 334 335 (128 0 0 ) (128 -4 -4 ) (124 -4 -4 ) 
4 334 336 (0 -4 0 ) (4 -4 -4 ) (128 -4 -4 ) (128 -4 0 ) 
4 335 336 (124 -4 -124 ) (128 -4 -128 ) (128 -4 -4 ) (124 -4 -4 ) 
4 336 348 (0.001953 -128.001953 0 ) (0.001953 -127.998047 0 ) (4 -124 -3.998046 ) (4 -132 -3.998046 ) 
4 336 346 (128 -127.998047 -127.998055 ) (128 -128.001938 -127.998055 ) (124.001945 -132 -124 ) (124.001945 -124 -124 ) 
4 336 345 (124.001945 -160 -124 ) (4 -160 -3.998047 ) (4 -4 -3.998043 ) (124.001953 -4 -124 ) 
4 336 337 (0 -160 0 ) (16 -160 -16 ) (48 -160 -16 ) (48 -160 0 ) 
3 336 338 (16 -160 -16 ) (128 -160 -128 ) (128 -160 -16 ) 
3 337 352 (4 -384 -3.998055 ) (0.001946 -384 0 ) (4 -380.001953 -3.998055 ) 
4 337 350 (16.001945 -384 -16 ) (4 -384 -3.998055 ) (4 -380.001953 -3.998055 ) (16.001945 -368 -16 ) 
4 337 349 (0.001949 -256.001953 0 ) (0.001949 -256 0 ) (4 -252.001953 -3.998051 ) (4 -260 -3.998051 ) 
4 337 345 (4 -160 -3.998048 ) (16.001953 -160 -16 ) (16.001945 -368 -16 ) (4 -380.001953 -3.998055 ) 
4 337 341 (0 -384 0 ) (8 -384 -8 ) (48 -384 -8 ) (48 -384 0 ) 
4 337 342 (8 -384 -8 ) (16 -384 -16 ) (48 -384 -16 ) (48 -384 -8 ) 
4 337 338 (48 -384 -16 ) (16 -384 -16 ) (16 -160 -16 ) (48 -160 -16 ) 
4 338 351 (128 -383.998047 -127.998062 ) (128 -384 -127.998062 ) (124.001938 -384 -124 ) (124.001938 -380 -124 ) 
4 338 350 (124.001938 -384 -124 ) (16.001945 -384 -16 ) (16.001945 -368 -16 ) (124.001945 -260 -124 ) 
4 338 347 (128 -255.998062 -127.998055 ) (128 -256.001923 -127.998055 ) (124.001945 -260 -124 ) (124.001945 -252 -124 ) 
4 338 345 (124.001945 -260 -124 ) (16.001945 -368 -16 ) (16.001953 -160 -16 ) (124.001945 -160 -124 ) 
3 338 342 (16 -384 -16 ) (128 -384 -128 ) (128 -384 -16 ) 
4 339 342 (120 -448 -8 ) (120 -384 -8 ) (128 -384 -8 ) (128 -448 -8 ) 
4 339 341 (120 -384 0 ) (120 -384 -8 ) (120 -448 -8 ) (120 -448 0 ) 
4 340 344 (124 -508 -8 ) (128 -508 -8 ) (128 -508 -4 ) (124 -508 -4 ) 
4 340 343 (128 -508 -4 ) (128 -508 0 ) (120 -508 0 ) (120 -508 -4 ) 
4 340 341 (120 -488 -8 ) (120 -508 -8 ) (120 -508 0 ) (120 -488 0 ) 
4 340 342 (128 -508 -8 ) (120 -508 -8 ) (120 -488 -8 ) (128 -488 -8 ) 
4 341 352 (0.001946 -384.001953 0 ) (0.001946 -384 0 ) (4 -384 -3.998055 ) (4 -388 -3.998055 ) 
4 341 350 (8.001945 -508 -8 ) (4 -508 -3.998056 ) (4 -384 -3.998055 ) (8.001945 -384 -8 ) 
4 341 343 (0 -508 0 ) (4 -508 -4 ) (120 -508 -4 ) (120 -508 0 ) 
4 341 342 (120 -508 -8 ) (8 -508 -8 ) (8 -384 -8 ) (120 -384 -8 ) 
4 342 351 (128 -384 -127.998062 ) (128 -384.001953 -127.998062 ) (124.001938 -388 -124 ) (124.001938 -384 -124 ) 
4 342 350 (124.001938 -508 -124 ) (8.001945 -508 -8 ) (8.001945 -384 -8 ) (124.001938 -384 -124 ) 
4 342 344 (124 -508 -124 ) (128 -508 -128 ) (128 -508 -8 ) (124 -508 -8 ) 
3 343 344 (124 -508 -4 ) (128 -508 -4 ) (128 -512 0 ) 
3 345 350 (123.998047 -260.001953 -124 ) (4 -380 -4.001938 ) (4 -260.001953 -124 ) 
4 345 349 (4 -252 -124 ) (4 -260 -124 ) (4 -260 -4 ) (4 -252 -4 ) 
4 345 348 (4 -124 -124 ) (4 -132 -124 ) (4 -132 -4 ) (4 -124 -4 ) 
4 345 347 (123.996094 -260 -124 ) (4 -260 -124 ) (4 -252 -124 ) (123.996216 -252 -124 ) 
4 345 346 (4 -132 -124 ) (4 -124 -124 ) (123.998161 -124 -124 ) (123.998039 -132 -124 ) 
3 346 348 (4 -128 -128 ) (4 -132 -124 ) (4 -124 -124 ) 
3 347 349 (4 -256 -128 ) (4 -260 -124 ) (4 -252 -124 ) 
5 350 352 (4 -388 -4 ) (4 -380.003906 -4 ) (4 -380 -4.003935 ) (4 -380 -124 ) (4 -388 -124 ) 
4 350 351 (4 -388 -124 ) (4 -380 -124 ) (123.998100 -380 -124 ) (123.997978 -388 -124 ) 
3 351 352 (4 -388 -124 ) (4 -380 -124 ) (4 -384 -128 ) 
4 353 375 (-1776 -2048 -864 ) (-1776 -2048 800 ) (-1888 -2048 800 ) (-1888 -2048 -864 ) 
4 353 356 (-1888 -2048 -864 ) (-1888 -2048 320 ) (-1888 -1904 320 ) (-1888 -1904 -864 ) 
4 353 355 (-1888 -1888 320 ) (-1888 -1888 -864 ) (-1888 -1904 -864 ) (-1888 -1904 320 ) 
4 353 354 (-1888 -1888 800 ) (-1888 -1776 800 ) (-1888 -1776 -864 ) (-1888 -1888 -864 ) 
4 354 357 (-1904 -1888 -864 ) (-1904 -1888 800 ) (-1904 -1776 800 ) (-1904 -1776 -864 ) 
4 354 355 (-1904 -1888 320 ) (-1904 -1888 -864 ) (-1888 -1888 -864 ) (-1888 -1888 320 ) 
4 355 358 (-1904 -1904 -864 ) (-1904 -1904 320 ) (-1904 -1888 320 ) (-1904 -1888 -864 ) 
4 355 356 (-1904 -1904 320 ) (-1904 -1904 -864 ) (-1888 -1904 -864 ) (-1888 -1904 320 ) 
4 356 376 (-1888 -2048 -864 ) (-1888 -2048 320 ) (-1904 -2048 320 ) (-1904 -2048 -864 ) 
4 356 359 (-1904 -2048 -864 ) (-1904 -2048 320 ) (-1904 -1904 320 ) (-1904 -1904 -864 ) 
4 357 360 (-2048 -1888 -864 ) (-2048 -1888 800 ) (-2048 -1776 800 ) (-2048 -1776 -864 ) 
4 357 358 (-1904 -1888 -864 ) (-1904 -1888 320 ) (-2048 -1888 320 ) (-2048 -1888 -864 ) 
4 358 361 (-2048 -1904 -864 ) (-2048 -1904 320 ) (-2048 -1888 320 ) (-2048 -1888 -864 ) 
4 358 359 (-2048 -1904 320 ) (-2048 -1904 -864 ) (-1904 -1904 -864 ) (-1904 -1904 320 ) 
4 359 377 (-1904 -2048 -1552 ) (-1904 -2048 4592 ) (-2048 -2048 4592 ) (-2048 -2048 -1552 ) 
4 359 362 (-2048 -2048 -1552 ) (-2048 -2048 4592 ) (-2048 -1904 4592 ) (-2048 -1904 -1552 ) 
4 360 363 (-2160 -1888 -864 ) (-2160 -1888 800 ) (-2160 -1776 800 ) (-2160 -1776 -864 ) 
4 360 361 (-2160 -1888 320 ) (-2160 -1888 -864 ) (-2048 -1888 -864 ) (-2048 -1888 320 ) 
4 361 364 (-2160 -1904 -864 ) (-2160 -1904 320 ) (-2160 -1888 320 ) (-2160 -1888 -864 ) 
4 361 362 (-2160 -1904 320 ) (-2160 -1904 -864 ) (-2048 -1904 -864 ) (-2048 -1904 320 ) 
4 362 382 (-2048 -2048 -1552 ) (-2048 -2048 4592 ) (-2160 -2048 4592 ) (-2160 -2048 -1552 ) 
4 362 366 (-2160 -2048 -864 ) (-2160 -2048 320 ) (-2160 -1904 320 ) (-2160 -1904 -864 ) 
4 363 365 (-2176 -1776 800 ) (-2176 -1776 -864 ) (-2176 -1888 -864 ) (-2176 -1888 800 ) 
4 363 364 (-2176 -1888 320 ) (-2176 -1888 -864 ) (-2160 -1888 -864 ) (-2160 -1888 320 ) 
4 364 366 (-2160 -1904 -864 ) (-2160 -1904 320 ) (-2176 -1904 320 ) (-2176 -1904 -864 ) 
4 364 365 (-2176 -1904 -864 ) (-2176 -1904 320 ) (-2176 -1888 320 ) (-2176 -1888 -864 ) 
4 365 367 (-2352 -1904 800 ) (-2352 -1904 -864 ) (-2176 -1904 -864 ) (-2176 -1904 800 ) 
4 366 383 (-2160 -2048 -864 ) (-2160 -2048 320 ) (-2176 -2048 320 ) (-2176 -2048 -864 ) 
4 366 367 (-2176 -1904 320 ) (-2176 -1904 -864 ) (-2176 -2048 -864 ) (-2176 -2048 320 ) 
4 367 384 (-2176 -2048 -864 ) (-2176 -2048 800 ) (-2352 -2048 800 ) (-2352 -2048 -864 ) 
4 367 368 (-2352 -2048 -96 ) (-2352 -2048 160 ) (-2352 -1968 160 ) (-2352 -1968 -96 ) 
4 368 385 (-2352 -2048 -96 ) (-2352 -2048 160 ) (-2416 -2048 160 ) (-2416 -2048 -96 ) 
4 368 369 (-2416 -2048 -96 ) (-2416 -2048 160 ) (-2416 -1968 160 ) (-2416 -1968 -96 ) 
4 369 386 (-2416 -2048 -96 ) (-2416 -2048 160 ) (-2544 -2048 160 ) (-2544 -2048 -96 ) 
4 369 373 (-2544 -2048 32 ) (-2544 -2048 160 ) (-2544 -1968 160 ) (-2544 -1968 32 ) 
4 370 373 (-2544 -1968 160 ) (-2544 -1968 222 ) (-2608 -1968 222 ) (-2608 -1968 160 ) 
4 370 372 (-2544 -1968 222 ) (-2544 -1968 224 ) (-2608 -1968 224 ) (-2608 -1968 222 ) 
4 370 371 (-2544 -1968 160 ) (-2608 -1968 160 ) (-2608 -1936 160 ) (-2544 -1936 160 ) 
4 371 373 (-2544 -1968 32 ) (-2544 -1968 160 ) (-2608 -1968 160 ) (-2608 -1968 32 ) 
4 372 387 (-2544 -2048 222 ) (-2544 -2048 232 ) (-2608 -2048 232 ) (-2608 -2048 222 ) 
4 372 373 (-2608 -2048 222 ) (-2608 -1968 222 ) (-2544 -1968 222 ) (-2544 -2048 222 ) 
4 373 388 (-2544 -2048 32 ) (-2544 -2048 222 ) (-2608 -2048 222 ) (-2608 -2048 32 ) 
4 373 374 (-2608 -1968 160 ) (-2608 -1968 32 ) (-2608 -2048 32 ) (-2608 -2048 160 ) 
4 374 389 (-2608 -2048 32 ) (-2608 -2048 160 ) (-2688 -2048 160 ) (-2688 -2048 32 ) 
4 375 378 (-1776 -2160 -864 ) (-1776 -2160 800 ) (-1888 -2160 800 ) (-1888 -2160 -864 ) 
4 375 376 (-1888 -2048 320 ) (-1888 -2048 -864 ) (-1888 -2160 -864 ) (-1888 -2160 320 ) 
4 376 379 (-1888 -2160 -864 ) (-1888 -2160 320 ) (-1904 -2160 320 ) (-1904 -2160 -864 ) 
4 376 377 (-1904 -2160 -864 ) (-1904 -2160 320 ) (-1904 -2048 320 ) (-1904 -2048 -864 ) 
4 377 382 (-2048 -2160 -1552 ) (-2048 -2160 4592 ) (-2048 -2048 4592 ) (-2048 -2048 -1552 ) 
4 377 380 (-1904 -2160 -864 ) (-1904 -2160 320 ) (-2048 -2160 320 ) (-2048 -2160 -864 ) 
4 378 381 (-1776 -2176 -864 ) (-1776 -2176 800 ) (-1888 -2176 800 ) (-1888 -2176 -864 ) 
4 378 379 (-1888 -2160 320 ) (-1888 -2160 -864 ) (-1888 -2176 -864 ) (-1888 -2176 320 ) 
4 379 381 (-1888 -2176 -864 ) (-1888 -2176 320 ) (-1904 -2176 320 ) (-1904 -2176 -864 ) 
4 379 380 (-1904 -2160 320 ) (-1904 -2160 -864 ) (-1904 -2176 -864 ) (-1904 -2176 320 ) 
4 380 404 (-2048 -2176 -864 ) (-2048 -2176 -128 ) (-2048 -2160 -128 ) (-2048 -2160 -864 ) 
4 380 396 (-2048 -2176 -128 ) (-2048 -2176 0 ) (-2048 -2160 0 ) (-2048 -2160 -128 ) 
4 380 392 (-2048 -2176 0 ) (-2048 -2176 320 ) (-2048 -2160 320 ) (-2048 -2160 0 ) 
4 380 381 (-2048 -2176 320 ) (-2048 -2176 -864 ) (-1904 -2176 -864 ) (-1904 -2176 320 ) 
4 381 404 (-2048 -2288 -864 ) (-2048 -2288 -128 ) (-2048 -2176 -128 ) (-2048 -2176 -864 ) 
4 381 396 (-2048 -2288 -128 ) (-2048 -2288 0 ) (-2048 -2176 0 ) (-2048 -2176 -128 ) 
4 381 394 (-2048 -2288 0 ) (-2048 -2288 800 ) (-2048 -2176 800 ) (-2048 -2176 0 ) 
4 382 404 (-2048 -2160 -864 ) (-2048 -2160 -128 ) (-2160 -2160 -128 ) (-2160 -2160 -864 ) 
4 382 397 (-2116 -2160 0 ) (-2160 -2160 0 ) (-2160 -2160 -128 ) (-2116 -2160 -128 ) 
4 382 396 (-2048 -2160 -128 ) (-2048 -2160 0 ) (-2116 -2160 0 ) (-2116 -2160 -128 ) 
4 382 392 (-2048 -2160 0 ) (-2048 -2160 320 ) (-2160 -2160 320 ) (-2160 -2160 0 ) 
4 382 383 (-2160 -2048 320 ) (-2160 -2048 -864 ) (-2160 -2160 -864 ) (-2160 -2160 320 ) 
4 383 404 (-2160 -2160 -864 ) (-2160 -2160 -128 ) (-2176 -2160 -128 ) (-2176 -2160 -864 ) 
4 383 397 (-2160 -2160 -128 ) (-2160 -2160 0 ) (-2176 -2160 0 ) (-2176 -2160 -128 ) 
4 383 393 (-2160 -2160 0 ) (-2160 -2160 320 ) (-2176 -2160 320 ) (-2176 -2160 0 ) 
4 383 384 (-2176 -2160 -864 ) (-2176 -2160 320 ) (-2176 -2048 320 ) (-2176 -2048 -864 ) 
4 384 404 (-2176 -2160 -864 ) (-2176 -2160 -128 ) (-2352 -2160 -128 ) (-2352 -2160 -864 ) 
4 384 399 (-2244 -2160 0 ) (-2352 -2160 0 ) (-2352 -2160 -128 ) (-2244 -2160 -128 ) 
4 384 397 (-2176 -2160 -128 ) (-2176 -2160 0 ) (-2244 -2160 0 ) (-2244 -2160 -128 ) 
4 384 395 (-2176 -2160 0 ) (-2176 -2160 800 ) (-2352 -2160 800 ) (-2352 -2160 0 ) 
4 384 385 (-2352 -2096 160 ) (-2352 -2048 160 ) (-2352 -2048 -96 ) (-2352 -2096 -96 ) 
4 385 386 (-2416 -2048 160 ) (-2416 -2048 -96 ) (-2416 -2096 -96 ) (-2416 -2096 160 ) 
4 386 388 (-2544 -2096 32 ) (-2544 -2096 160 ) (-2544 -2048 160 ) (-2544 -2048 32 ) 
4 387 390 (-2544 -2096 222 ) (-2544 -2096 224 ) (-2608 -2096 224 ) (-2608 -2096 222 ) 
4 387 388 (-2544 -2096 222 ) (-2608 -2096 222 ) (-2608 -2048 222 ) (-2544 -2048 222 ) 
4 388 391 (-2544 -2096 32 ) (-2544 -2096 160 ) (-2608 -2096 160 ) (-2608 -2096 32 ) 
4 388 390 (-2544 -2096 160 ) (-2544 -2096 222 ) (-2608 -2096 222 ) (-2608 -2096 160 ) 
4 388 389 (-2608 -2096 32 ) (-2608 -2096 160 ) (-2608 -2048 160 ) (-2608 -2048 32 ) 
4 390 391 (-2544 -2128 160 ) (-2608 -2128 160 ) (-2608 -2096 160 ) (-2544 -2096 160 ) 
4 392 397 (-2160 -2160 0 ) (-2116 -2160 0 ) (-2116 -2176 0 ) (-2160 -2176 0 ) 
4 392 396 (-2116 -2160 0 ) (-2048 -2160 0 ) (-2048 -2176 0 ) (-2116 -2176 0 ) 
4 392 394 (-2160 -2176 0 ) (-2048 -2176 0 ) (-2048 -2176 320 ) (-2160 -2176 320 ) 
4 392 393 (-2160 -2160 320 ) (-2160 -2160 0 ) (-2160 -2176 0 ) (-2160 -2176 320 ) 
4 393 397 (-2176 -2176 0 ) (-2176 -2160 0 ) (-2160 -2160 0 ) (-2160 -2176 0 ) 
4 393 395 (-2176 -2160 320 ) (-2176 -2160 0 ) (-2176 -2176 0 ) (-2176 -2176 320 ) 
4 393 394 (-2176 -2176 320 ) (-2176 -2176 0 ) (-2160 -2176 0 ) (-2160 -2176 320 ) 
4 394 397 (-2176 -2288 0 ) (-2176 -2176 0 ) (-2116 -2176 0 ) (-2116 -2288 0 ) 
4 394 396 (-2116 -2176 0 ) (-2048 -2176 0 ) (-2048 -2288 0 ) (-2116 -2288 0 ) 
4 394 395 (-2176 -2176 0 ) (-2176 -2288 0 ) (-2176 -2288 800 ) (-2176 -2176 800 ) 
4 395 399 (-2352 -2160 0 ) (-2244 -2160 0 ) (-2244 -2288 0 ) (-2352 -2288 0 ) 
4 395 397 (-2244 -2160 0 ) (-2176 -2160 0 ) (-2176 -2288 0 ) (-2244 -2288 0 ) 
4 396 404 (-2116 -2160 -128 ) (-2048 -2160 -128 ) (-2048 -2288 -128 ) (-2116 -2288 -128 ) 
4 396 397 (-2116 -2160 -128 ) (-2116 -2288 -128 ) (-2116 -2288 0 ) (-2116 -2160 0 ) 
4 397 404 (-2244 -2160 -128 ) (-2116 -2160 -128 ) (-2116 -2288 -128 ) (-2244 -2288 -128 ) 
4 397 399 (-2244 -2160 -128 ) (-2244 -2288 -128 ) (-2244 -2288 0 ) (-2244 -2160 0 ) 
4 399 404 (-2352 -2160 -128 ) (-2244 -2160 -128 ) (-2244 -2288 -128 ) (-2352 -2288 -128 ) 
4 400 402 (-2500 -2288 0 ) (-2500 -2288 -96 ) (-2416 -2288 -96 ) (-2416 -2288 0 ) 
4 400 401 (-2416 -2288 -96 ) (-2500 -2288 -96 ) (-2500 -2260 -96 ) (-2416 -2260 -96 ) 
4 401 402 (-2500 -2288 -96 ) (-2500 -2288 -128 ) (-2416 -2288 -128 ) (-2416 -2288 -96 ) 
